19:03:46[INFO ]{CS.Img.WebAPI.Filters.ActionMonitorAttribute}-[Requestd].[].[user].[0].[POST]=>http://127.0.0.1:8888/api/user/login
19:03:46[INFO ]{CS.Img.WebAPI.Filters.ActionMonitorAttribute}-[Response].[].[user].[0].[OK]
19:03:46[INFO ]{CS.Img.WebAPI.Filters.ActionMonitorAttribute}-[Requestd].[].[user].[1].[GET]=>http://127.0.0.1:8888/api/user/info?token=admin-token
19:03:46[INFO ]{CS.Img.WebAPI.Filters.ActionMonitorAttribute}-[Response].[].[user].[1].[OK]
19:03:59[INFO ]{CS.Img.WebAPI.Filters.ActionMonitorAttribute}-[Requestd].[].[base].[2].[GET]=>http://127.0.0.1:8888/api/base/stationList?page=1&limit=20&stationno=
19:04:00[INFO ]{CS.Img.WebAPI.Filters.ActionMonitorAttribute}-[Response].[].[base].[2].[OK]
19:13:33[INFO ]{CS.Img.WebAPI.Filters.ActionMonitorAttribute}-[Requestd].[].[base].[3].[GET]=>http://127.0.0.1:8888/api/base/stationList?page=1&limit=20&stationno=
19:13:33[INFO ]{CS.Img.WebAPI.Filters.ActionMonitorAttribute}-[Response].[].[base].[3].[OK]
19:13:36[INFO ]{CS.Img.WebAPI.Filters.ActionMonitorAttribute}-[Requestd].[].[base].[4].[GET]=>http://127.0.0.1:8888/api/base/stationList?page=1&limit=20&stationno=
19:13:36[INFO ]{CS.Img.WebAPI.Filters.ActionMonitorAttribute}-[Response].[].[base].[4].[OK]
19:13:39[INFO ]{CS.Img.WebAPI.Filters.ActionMonitorAttribute}-[Requestd].[].[base].[5].[GET]=>http://127.0.0.1:8888/api/base/stationList?begintime=&endtime=&stationNo=
19:13:39[INFO ]{CS.Img.WebAPI.Filters.ActionMonitorAttribute}-[Response].[].[base].[5].[OK]
19:13:39[INFO ]{CS.Img.WebAPI.Filters.ActionMonitorAttribute}-[Requestd].[].[card].[6].[GET]=>http://127.0.0.1:8888/api/card/userDepositTrade?begintime=&endtime=&stationNo=
19:13:39[INFO ]{CS.Img.WebAPI.Filters.ActionMonitorAttribute}-[Response].[].[card].[6].[OK]
19:13:42[INFO ]{CS.Img.WebAPI.Filters.ActionMonitorAttribute}-[Requestd].[].[base].[7].[GET]=>http://127.0.0.1:8888/api/base/stationList?page=1&limit=20&stationno=
19:13:42[INFO ]{CS.Img.WebAPI.Filters.ActionMonitorAttribute}-[Response].[].[base].[7].[OK]
19:20:37[INFO ]{CS.Img.WebAPI.Filters.ActionMonitorAttribute}-[Requestd].[].[user].[0].[GET]=>http://127.0.0.1:8888/api/user/info?token=admin-token
19:20:37[INFO ]{CS.Img.WebAPI.Filters.ActionMonitorAttribute}-[Response].[].[user].[0].[OK]
19:20:38[INFO ]{CS.Img.WebAPI.Filters.ActionMonitorAttribute}-[Requestd].[].[base].[1].[GET]=>http://127.0.0.1:8888/api/base/stationList?page=1&limit=20&stationno=
19:20:38[INFO ]{CS.Img.WebAPI.Filters.ActionMonitorAttribute}-[Requestd].[].[card].[2].[GET]=>http://127.0.0.1:8888/api/card/custPayMoneyQuery?page=1&limit=20&stationno=
19:20:38[INFO ]{CS.Img.WebAPI.Filters.ActionMonitorAttribute}-[Response].[].[card].[2].[OK]
19:20:38[INFO ]{CS.Img.WebAPI.Filters.ActionMonitorAttribute}-[Response].[].[card].[2].[Exception]
19:20:38[INFO ]{CS.Img.WebAPI.Filters.ActionMonitorAttribute}-[WebApiRequest].[Exception].[2].[http://127.0.0.1:8888/api/card/custPayMoneyQuery?page=1&limit=20&stationno=]
   在 System.Data.SqlClient.SqlConnection.OnError(SqlException exception, Boolean breakConnection, Action`1 wrapCloseInAction)
   在 System.Data.SqlClient.TdsParser.ThrowExceptionAndWarning(TdsParserStateObject stateObj, Boolean callerHasConnectionLock, Boolean asyncClose)
   在 System.Data.SqlClient.TdsParser.TryRun(RunBehavior runBehavior, SqlCommand cmdHandler, SqlDataReader dataStream, BulkCopySimpleResultSet bulkCopyHandler, TdsParserStateObject stateObj, Boolean& dataReady)
   在 System.Data.SqlClient.SqlDataReader.TryConsumeMetaData()
   在 System.Data.SqlClient.SqlDataReader.get_MetaData()
   在 System.Data.SqlClient.SqlCommand.FinishExecuteReader(SqlDataReader ds, RunBehavior runBehavior, String resetOptionsString, Boolean isInternal, Boolean forDescribeParameterEncryption, Boolean shouldCacheForAlwaysEncrypted)
   在 System.Data.SqlClient.SqlCommand.RunExecuteReaderTds(CommandBehavior cmdBehavior, RunBehavior runBehavior, Boolean returnStream, Boolean async, Int32 timeout, Task& task, Boolean asyncWrite, Boolean inRetry, SqlDataReader ds, Boolean describeParameterEncryptionRequest)
   在 System.Data.SqlClient.SqlCommand.RunExecuteReader(CommandBehavior cmdBehavior, RunBehavior runBehavior, Boolean returnStream, String method, TaskCompletionSource`1 completion, Int32 timeout, Task& task, Boolean& usedCache, Boolean asyncWrite, Boolean inRetry)
   在 System.Data.SqlClient.SqlCommand.RunExecuteReader(CommandBehavior cmdBehavior, RunBehavior runBehavior, Boolean returnStream, String method)
   在 System.Data.SqlClient.SqlCommand.ExecuteReader(CommandBehavior behavior, String method)
   在 Dapper.SqlMapper.<QueryImpl>d__61`1.MoveNext() 位置 D:\Dev\dapper-dot-net\Dapper NET40\SqlMapper.cs:行号 1589
   在 System.Collections.Generic.List`1..ctor(IEnumerable`1 collection)
   在 System.Linq.Enumerable.ToList[TSource](IEnumerable`1 source)
   在 Dapper.SqlMapper.Query[T](IDbConnection cnn, String sql, Object param, IDbTransaction transaction, Boolean buffered, Nullable`1 commandTimeout, Nullable`1 commandType) 位置 D:\Dev\dapper-dot-net\Dapper NET40\SqlMapper.cs:行号 1479
   在 UnitOfWorkWithDapper.Core.DapperContext.Query[T](String sql, Object param, CommandType commandType) 位置 e:\工作\yaotion\WebAPI\MVC4WebAPI\UnitOfWorkWithDapper.Core\DapperContext.cs:行号 197
   在 CS.Img.Card.CardRepository.GetCustPayMoneyRecord(String stationNo, String beginTime, String endTime) 位置 e:\工作\yaotion\WebAPI\MVC4WebAPI\CS.Img.Card\Data\CardRepository.cs:行号 218
   在 CS.Img.Card.CardService.GetCustPayMoneyRecord(String stationNo, String beginTime, String endTime) 位置 e:\工作\yaotion\WebAPI\MVC4WebAPI\CS.Img.Card\Domain\CardService.cs:行号 90
   在 CS.Img.Card.CardApp.GetCustPayMoneyRecord(String stationNo, String beginTime, String endTime) 位置 e:\工作\yaotion\WebAPI\MVC4WebAPI\CS.Img.Card\AppService\CardApp.cs:行号 105
   在 CS.Img.Card.CardController.GetCustPayMoneyRecord(String stationNo, String begintime, String endtime) 位置 e:\工作\yaotion\WebAPI\MVC4WebAPI\CS.Img.Card\Controllers\CardController.cs:行号 167
   在 lambda_method(Closure , Object , Object[] )
   在 System.Web.Http.Controllers.ReflectedHttpActionDescriptor.ActionExecutor.<>c__DisplayClass6_2.<GetExecutor>b__2(Object instance, Object[] methodParameters)
   在 System.Web.Http.Controllers.ReflectedHttpActionDescriptor.ExecuteAsync(HttpControllerContext controllerContext, IDictionary`2 arguments, CancellationToken cancellationToken)
--- 引发异常的上一位置中堆栈跟踪的末尾 ---
   在 System.Runtime.ExceptionServices.ExceptionDispatchInfo.Throw()
   在 System.Runtime.CompilerServices.TaskAwaiter.HandleNonSuccessAndDebuggerNotification(Task task)
   在 System.Web.Http.Tracing.ITraceWriterExtensions.<TraceBeginEndAsyncCore>d__17`1.MoveNext()
--- 引发异常的上一位置中堆栈跟踪的末尾 ---
   在 System.Runtime.ExceptionServices.ExceptionDispatchInfo.Throw()
   在 System.Runtime.CompilerServices.TaskAwaiter.HandleNonSuccessAndDebuggerNotification(Task task)
   在 System.Web.Http.Controllers.ApiControllerActionInvoker.<InvokeActionAsyncCore>d__1.MoveNext()
--- 引发异常的上一位置中堆栈跟踪的末尾 ---
   在 System.Runtime.ExceptionServices.ExceptionDispatchInfo.Throw()
   在 System.Runtime.CompilerServices.TaskAwaiter.HandleNonSuccessAndDebuggerNotification(Task task)
   在 System.Web.Http.Tracing.ITraceWriterExtensions.<TraceBeginEndAsyncCore>d__17`1.MoveNext()
--- 引发异常的上一位置中堆栈跟踪的末尾 ---
   在 System.Runtime.ExceptionServices.ExceptionDispatchInfo.Throw()
   在 System.Runtime.CompilerServices.TaskAwaiter.HandleNonSuccessAndDebuggerNotification(Task task)
   在 System.Web.Http.Filters.ActionFilterAttribute.<CallOnActionExecutedAsync>d__6.MoveNext()
19:20:38[ERROR]{CS.Img.WebAPI.Filters.NotImplExceptionFilterAttribute}-NotImplExceptionFilterAttribute
System.Data.SqlClient.SqlException (0x80131904): 列名 'BounsMoney' 无效。
   在 System.Data.SqlClient.SqlConnection.OnError(SqlException exception, Boolean breakConnection, Action`1 wrapCloseInAction)
   在 System.Data.SqlClient.TdsParser.ThrowExceptionAndWarning(TdsParserStateObject stateObj, Boolean callerHasConnectionLock, Boolean asyncClose)
   在 System.Data.SqlClient.TdsParser.TryRun(RunBehavior runBehavior, SqlCommand cmdHandler, SqlDataReader dataStream, BulkCopySimpleResultSet bulkCopyHandler, TdsParserStateObject stateObj, Boolean& dataReady)
   在 System.Data.SqlClient.SqlDataReader.TryConsumeMetaData()
   在 System.Data.SqlClient.SqlDataReader.get_MetaData()
   在 System.Data.SqlClient.SqlCommand.FinishExecuteReader(SqlDataReader ds, RunBehavior runBehavior, String resetOptionsString, Boolean isInternal, Boolean forDescribeParameterEncryption, Boolean shouldCacheForAlwaysEncrypted)
   在 System.Data.SqlClient.SqlCommand.RunExecuteReaderTds(CommandBehavior cmdBehavior, RunBehavior runBehavior, Boolean returnStream, Boolean async, Int32 timeout, Task& task, Boolean asyncWrite, Boolean inRetry, SqlDataReader ds, Boolean describeParameterEncryptionRequest)
   在 System.Data.SqlClient.SqlCommand.RunExecuteReader(CommandBehavior cmdBehavior, RunBehavior runBehavior, Boolean returnStream, String method, TaskCompletionSource`1 completion, Int32 timeout, Task& task, Boolean& usedCache, Boolean asyncWrite, Boolean inRetry)
   在 System.Data.SqlClient.SqlCommand.RunExecuteReader(CommandBehavior cmdBehavior, RunBehavior runBehavior, Boolean returnStream, String method)
   在 System.Data.SqlClient.SqlCommand.ExecuteReader(CommandBehavior behavior, String method)
   在 Dapper.SqlMapper.<QueryImpl>d__61`1.MoveNext() 位置 D:\Dev\dapper-dot-net\Dapper NET40\SqlMapper.cs:行号 1589
   在 System.Collections.Generic.List`1..ctor(IEnumerable`1 collection)
   在 System.Linq.Enumerable.ToList[TSource](IEnumerable`1 source)
   在 Dapper.SqlMapper.Query[T](IDbConnection cnn, String sql, Object param, IDbTransaction transaction, Boolean buffered, Nullable`1 commandTimeout, Nullable`1 commandType) 位置 D:\Dev\dapper-dot-net\Dapper NET40\SqlMapper.cs:行号 1479
   在 UnitOfWorkWithDapper.Core.DapperContext.Query[T](String sql, Object param, CommandType commandType) 位置 e:\工作\yaotion\WebAPI\MVC4WebAPI\UnitOfWorkWithDapper.Core\DapperContext.cs:行号 197
   在 CS.Img.Card.CardRepository.GetCustPayMoneyRecord(String stationNo, String beginTime, String endTime) 位置 e:\工作\yaotion\WebAPI\MVC4WebAPI\CS.Img.Card\Data\CardRepository.cs:行号 218
   在 CS.Img.Card.CardService.GetCustPayMoneyRecord(String stationNo, String beginTime, String endTime) 位置 e:\工作\yaotion\WebAPI\MVC4WebAPI\CS.Img.Card\Domain\CardService.cs:行号 90
   在 CS.Img.Card.CardApp.GetCustPayMoneyRecord(String stationNo, String beginTime, String endTime) 位置 e:\工作\yaotion\WebAPI\MVC4WebAPI\CS.Img.Card\AppService\CardApp.cs:行号 105
   在 CS.Img.Card.CardController.GetCustPayMoneyRecord(String stationNo, String begintime, String endtime) 位置 e:\工作\yaotion\WebAPI\MVC4WebAPI\CS.Img.Card\Controllers\CardController.cs:行号 167
   在 lambda_method(Closure , Object , Object[] )
   在 System.Web.Http.Controllers.ReflectedHttpActionDescriptor.ActionExecutor.<>c__DisplayClass6_2.<GetExecutor>b__2(Object instance, Object[] methodParameters)
   在 System.Web.Http.Controllers.ReflectedHttpActionDescriptor.ExecuteAsync(HttpControllerContext controllerContext, IDictionary`2 arguments, CancellationToken cancellationToken)
--- 引发异常的上一位置中堆栈跟踪的末尾 ---
   在 System.Runtime.ExceptionServices.ExceptionDispatchInfo.Throw()
   在 System.Runtime.CompilerServices.TaskAwaiter.HandleNonSuccessAndDebuggerNotification(Task task)
   在 System.Web.Http.Tracing.ITraceWriterExtensions.<TraceBeginEndAsyncCore>d__17`1.MoveNext()
--- 引发异常的上一位置中堆栈跟踪的末尾 ---
   在 System.Runtime.ExceptionServices.ExceptionDispatchInfo.Throw()
   在 System.Runtime.CompilerServices.TaskAwaiter.HandleNonSuccessAndDebuggerNotification(Task task)
   在 System.Web.Http.Controllers.ApiControllerActionInvoker.<InvokeActionAsyncCore>d__1.MoveNext()
--- 引发异常的上一位置中堆栈跟踪的末尾 ---
   在 System.Runtime.ExceptionServices.ExceptionDispatchInfo.Throw()
   在 System.Runtime.CompilerServices.TaskAwaiter.HandleNonSuccessAndDebuggerNotification(Task task)
   在 System.Web.Http.Tracing.ITraceWriterExtensions.<TraceBeginEndAsyncCore>d__17`1.MoveNext()
--- 引发异常的上一位置中堆栈跟踪的末尾 ---
   在 System.Runtime.ExceptionServices.ExceptionDispatchInfo.Throw()
   在 System.Runtime.CompilerServices.TaskAwaiter.HandleNonSuccessAndDebuggerNotification(Task task)
   在 System.Web.Http.Filters.ActionFilterAttribute.<CallOnActionExecutedAsync>d__6.MoveNext()
--- 引发异常的上一位置中堆栈跟踪的末尾 ---
   在 System.Runtime.ExceptionServices.ExceptionDispatchInfo.Throw()
   在 System.Web.Http.Filters.ActionFilterAttribute.<CallOnActionExecutedAsync>d__6.MoveNext()
--- 引发异常的上一位置中堆栈跟踪的末尾 ---
   在 System.Runtime.ExceptionServices.ExceptionDispatchInfo.Throw()
   在 System.Runtime.CompilerServices.TaskAwaiter.HandleNonSuccessAndDebuggerNotification(Task task)
   在 System.Web.Http.Filters.ActionFilterAttribute.<ExecuteActionFilterAsyncCore>d__5.MoveNext()
--- 引发异常的上一位置中堆栈跟踪的末尾 ---
   在 System.Runtime.ExceptionServices.ExceptionDispatchInfo.Throw()
   在 System.Runtime.CompilerServices.TaskAwaiter.HandleNonSuccessAndDebuggerNotification(Task task)
   在 System.Web.Http.Controllers.ActionFilterResult.<ExecuteAsync>d__5.MoveNext()
--- 引发异常的上一位置中堆栈跟踪的末尾 ---
   在 System.Runtime.ExceptionServices.ExceptionDispatchInfo.Throw()
   在 System.Runtime.CompilerServices.TaskAwaiter.HandleNonSuccessAndDebuggerNotification(Task task)
   在 System.Web.Http.Controllers.ExceptionFilterResult.<ExecuteAsync>d__6.MoveNext()
ClientConnectionId:f7058c59-9014-437f-a1ea-3aeff85a5907
Error Number:207,State:1,Class:16
19:21:39[INFO ]{CS.Img.WebAPI.Filters.ActionMonitorAttribute}-[Requestd].[].[card].[3].[GET]=>http://127.0.0.1:8888/api/card/custPayMoneyQuery
19:21:39[INFO ]{CS.Img.WebAPI.Filters.ActionMonitorAttribute}-[Response].[].[card].[3].[Exception]
19:21:39[INFO ]{CS.Img.WebAPI.Filters.ActionMonitorAttribute}-[WebApiRequest].[Exception].[3].[http://127.0.0.1:8888/api/card/custPayMoneyQuery]
   在 System.Data.SqlClient.SqlConnection.OnError(SqlException exception, Boolean breakConnection, Action`1 wrapCloseInAction)
   在 System.Data.SqlClient.TdsParser.ThrowExceptionAndWarning(TdsParserStateObject stateObj, Boolean callerHasConnectionLock, Boolean asyncClose)
   在 System.Data.SqlClient.TdsParser.TryRun(RunBehavior runBehavior, SqlCommand cmdHandler, SqlDataReader dataStream, BulkCopySimpleResultSet bulkCopyHandler, TdsParserStateObject stateObj, Boolean& dataReady)
   在 System.Data.SqlClient.SqlDataReader.TryConsumeMetaData()
   在 System.Data.SqlClient.SqlDataReader.get_MetaData()
   在 System.Data.SqlClient.SqlCommand.FinishExecuteReader(SqlDataReader ds, RunBehavior runBehavior, String resetOptionsString, Boolean isInternal, Boolean forDescribeParameterEncryption, Boolean shouldCacheForAlwaysEncrypted)
   在 System.Data.SqlClient.SqlCommand.RunExecuteReaderTds(CommandBehavior cmdBehavior, RunBehavior runBehavior, Boolean returnStream, Boolean async, Int32 timeout, Task& task, Boolean asyncWrite, Boolean inRetry, SqlDataReader ds, Boolean describeParameterEncryptionRequest)
   在 System.Data.SqlClient.SqlCommand.RunExecuteReader(CommandBehavior cmdBehavior, RunBehavior runBehavior, Boolean returnStream, String method, TaskCompletionSource`1 completion, Int32 timeout, Task& task, Boolean& usedCache, Boolean asyncWrite, Boolean inRetry)
   在 System.Data.SqlClient.SqlCommand.RunExecuteReader(CommandBehavior cmdBehavior, RunBehavior runBehavior, Boolean returnStream, String method)
   在 System.Data.SqlClient.SqlCommand.ExecuteReader(CommandBehavior behavior, String method)
   在 Dapper.SqlMapper.<QueryImpl>d__61`1.MoveNext() 位置 D:\Dev\dapper-dot-net\Dapper NET40\SqlMapper.cs:行号 1589
   在 System.Collections.Generic.List`1..ctor(IEnumerable`1 collection)
   在 System.Linq.Enumerable.ToList[TSource](IEnumerable`1 source)
   在 Dapper.SqlMapper.Query[T](IDbConnection cnn, String sql, Object param, IDbTransaction transaction, Boolean buffered, Nullable`1 commandTimeout, Nullable`1 commandType) 位置 D:\Dev\dapper-dot-net\Dapper NET40\SqlMapper.cs:行号 1479
   在 UnitOfWorkWithDapper.Core.DapperContext.Query[T](String sql, Object param, CommandType commandType) 位置 e:\工作\yaotion\WebAPI\MVC4WebAPI\UnitOfWorkWithDapper.Core\DapperContext.cs:行号 197
   在 CS.Img.Card.CardRepository.GetCustPayMoneyRecord(String stationNo, String beginTime, String endTime) 位置 e:\工作\yaotion\WebAPI\MVC4WebAPI\CS.Img.Card\Data\CardRepository.cs:行号 218
   在 CS.Img.Card.CardService.GetCustPayMoneyRecord(String stationNo, String beginTime, String endTime) 位置 e:\工作\yaotion\WebAPI\MVC4WebAPI\CS.Img.Card\Domain\CardService.cs:行号 90
   在 CS.Img.Card.CardApp.GetCustPayMoneyRecord(String stationNo, String beginTime, String endTime) 位置 e:\工作\yaotion\WebAPI\MVC4WebAPI\CS.Img.Card\AppService\CardApp.cs:行号 105
   在 CS.Img.Card.CardController.GetCustPayMoneyRecord(String stationNo, String begintime, String endtime) 位置 e:\工作\yaotion\WebAPI\MVC4WebAPI\CS.Img.Card\Controllers\CardController.cs:行号 167
   在 lambda_method(Closure , Object , Object[] )
   在 System.Web.Http.Controllers.ReflectedHttpActionDescriptor.ActionExecutor.<>c__DisplayClass6_2.<GetExecutor>b__2(Object instance, Object[] methodParameters)
   在 System.Web.Http.Controllers.ReflectedHttpActionDescriptor.ExecuteAsync(HttpControllerContext controllerContext, IDictionary`2 arguments, CancellationToken cancellationToken)
--- 引发异常的上一位置中堆栈跟踪的末尾 ---
   在 System.Runtime.ExceptionServices.ExceptionDispatchInfo.Throw()
   在 System.Runtime.CompilerServices.TaskAwaiter.HandleNonSuccessAndDebuggerNotification(Task task)
   在 System.Web.Http.Tracing.ITraceWriterExtensions.<TraceBeginEndAsyncCore>d__17`1.MoveNext()
--- 引发异常的上一位置中堆栈跟踪的末尾 ---
   在 System.Runtime.ExceptionServices.ExceptionDispatchInfo.Throw()
   在 System.Runtime.CompilerServices.TaskAwaiter.HandleNonSuccessAndDebuggerNotification(Task task)
   在 System.Web.Http.Controllers.ApiControllerActionInvoker.<InvokeActionAsyncCore>d__1.MoveNext()
--- 引发异常的上一位置中堆栈跟踪的末尾 ---
   在 System.Runtime.ExceptionServices.ExceptionDispatchInfo.Throw()
   在 System.Runtime.CompilerServices.TaskAwaiter.HandleNonSuccessAndDebuggerNotification(Task task)
   在 System.Web.Http.Tracing.ITraceWriterExtensions.<TraceBeginEndAsyncCore>d__17`1.MoveNext()
--- 引发异常的上一位置中堆栈跟踪的末尾 ---
   在 System.Runtime.ExceptionServices.ExceptionDispatchInfo.Throw()
   在 System.Runtime.CompilerServices.TaskAwaiter.HandleNonSuccessAndDebuggerNotification(Task task)
   在 System.Web.Http.Filters.ActionFilterAttribute.<CallOnActionExecutedAsync>d__6.MoveNext()
19:21:39[ERROR]{CS.Img.WebAPI.Filters.NotImplExceptionFilterAttribute}-NotImplExceptionFilterAttribute
System.Data.SqlClient.SqlException (0x80131904): 列名 'BounsMoney' 无效。
   在 System.Data.SqlClient.SqlConnection.OnError(SqlException exception, Boolean breakConnection, Action`1 wrapCloseInAction)
   在 System.Data.SqlClient.TdsParser.ThrowExceptionAndWarning(TdsParserStateObject stateObj, Boolean callerHasConnectionLock, Boolean asyncClose)
   在 System.Data.SqlClient.TdsParser.TryRun(RunBehavior runBehavior, SqlCommand cmdHandler, SqlDataReader dataStream, BulkCopySimpleResultSet bulkCopyHandler, TdsParserStateObject stateObj, Boolean& dataReady)
   在 System.Data.SqlClient.SqlDataReader.TryConsumeMetaData()
   在 System.Data.SqlClient.SqlDataReader.get_MetaData()
   在 System.Data.SqlClient.SqlCommand.FinishExecuteReader(SqlDataReader ds, RunBehavior runBehavior, String resetOptionsString, Boolean isInternal, Boolean forDescribeParameterEncryption, Boolean shouldCacheForAlwaysEncrypted)
   在 System.Data.SqlClient.SqlCommand.RunExecuteReaderTds(CommandBehavior cmdBehavior, RunBehavior runBehavior, Boolean returnStream, Boolean async, Int32 timeout, Task& task, Boolean asyncWrite, Boolean inRetry, SqlDataReader ds, Boolean describeParameterEncryptionRequest)
   在 System.Data.SqlClient.SqlCommand.RunExecuteReader(CommandBehavior cmdBehavior, RunBehavior runBehavior, Boolean returnStream, String method, TaskCompletionSource`1 completion, Int32 timeout, Task& task, Boolean& usedCache, Boolean asyncWrite, Boolean inRetry)
   在 System.Data.SqlClient.SqlCommand.RunExecuteReader(CommandBehavior cmdBehavior, RunBehavior runBehavior, Boolean returnStream, String method)
   在 System.Data.SqlClient.SqlCommand.ExecuteReader(CommandBehavior behavior, String method)
   在 Dapper.SqlMapper.<QueryImpl>d__61`1.MoveNext() 位置 D:\Dev\dapper-dot-net\Dapper NET40\SqlMapper.cs:行号 1589
   在 System.Collections.Generic.List`1..ctor(IEnumerable`1 collection)
   在 System.Linq.Enumerable.ToList[TSource](IEnumerable`1 source)
   在 Dapper.SqlMapper.Query[T](IDbConnection cnn, String sql, Object param, IDbTransaction transaction, Boolean buffered, Nullable`1 commandTimeout, Nullable`1 commandType) 位置 D:\Dev\dapper-dot-net\Dapper NET40\SqlMapper.cs:行号 1479
   在 UnitOfWorkWithDapper.Core.DapperContext.Query[T](String sql, Object param, CommandType commandType) 位置 e:\工作\yaotion\WebAPI\MVC4WebAPI\UnitOfWorkWithDapper.Core\DapperContext.cs:行号 197
   在 CS.Img.Card.CardRepository.GetCustPayMoneyRecord(String stationNo, String beginTime, String endTime) 位置 e:\工作\yaotion\WebAPI\MVC4WebAPI\CS.Img.Card\Data\CardRepository.cs:行号 218
   在 CS.Img.Card.CardService.GetCustPayMoneyRecord(String stationNo, String beginTime, String endTime) 位置 e:\工作\yaotion\WebAPI\MVC4WebAPI\CS.Img.Card\Domain\CardService.cs:行号 90
   在 CS.Img.Card.CardApp.GetCustPayMoneyRecord(String stationNo, String beginTime, String endTime) 位置 e:\工作\yaotion\WebAPI\MVC4WebAPI\CS.Img.Card\AppService\CardApp.cs:行号 105
   在 CS.Img.Card.CardController.GetCustPayMoneyRecord(String stationNo, String begintime, String endtime) 位置 e:\工作\yaotion\WebAPI\MVC4WebAPI\CS.Img.Card\Controllers\CardController.cs:行号 167
   在 lambda_method(Closure , Object , Object[] )
   在 System.Web.Http.Controllers.ReflectedHttpActionDescriptor.ActionExecutor.<>c__DisplayClass6_2.<GetExecutor>b__2(Object instance, Object[] methodParameters)
   在 System.Web.Http.Controllers.ReflectedHttpActionDescriptor.ExecuteAsync(HttpControllerContext controllerContext, IDictionary`2 arguments, CancellationToken cancellationToken)
--- 引发异常的上一位置中堆栈跟踪的末尾 ---
   在 System.Runtime.ExceptionServices.ExceptionDispatchInfo.Throw()
   在 System.Runtime.CompilerServices.TaskAwaiter.HandleNonSuccessAndDebuggerNotification(Task task)
   在 System.Web.Http.Tracing.ITraceWriterExtensions.<TraceBeginEndAsyncCore>d__17`1.MoveNext()
--- 引发异常的上一位置中堆栈跟踪的末尾 ---
   在 System.Runtime.ExceptionServices.ExceptionDispatchInfo.Throw()
   在 System.Runtime.CompilerServices.TaskAwaiter.HandleNonSuccessAndDebuggerNotification(Task task)
   在 System.Web.Http.Controllers.ApiControllerActionInvoker.<InvokeActionAsyncCore>d__1.MoveNext()
--- 引发异常的上一位置中堆栈跟踪的末尾 ---
   在 System.Runtime.ExceptionServices.ExceptionDispatchInfo.Throw()
   在 System.Runtime.CompilerServices.TaskAwaiter.HandleNonSuccessAndDebuggerNotification(Task task)
   在 System.Web.Http.Tracing.ITraceWriterExtensions.<TraceBeginEndAsyncCore>d__17`1.MoveNext()
--- 引发异常的上一位置中堆栈跟踪的末尾 ---
   在 System.Runtime.ExceptionServices.ExceptionDispatchInfo.Throw()
   在 System.Runtime.CompilerServices.TaskAwaiter.HandleNonSuccessAndDebuggerNotification(Task task)
   在 System.Web.Http.Filters.ActionFilterAttribute.<CallOnActionExecutedAsync>d__6.MoveNext()
--- 引发异常的上一位置中堆栈跟踪的末尾 ---
   在 System.Runtime.ExceptionServices.ExceptionDispatchInfo.Throw()
   在 System.Web.Http.Filters.ActionFilterAttribute.<CallOnActionExecutedAsync>d__6.MoveNext()
--- 引发异常的上一位置中堆栈跟踪的末尾 ---
   在 System.Runtime.ExceptionServices.ExceptionDispatchInfo.Throw()
   在 System.Runtime.CompilerServices.TaskAwaiter.HandleNonSuccessAndDebuggerNotification(Task task)
   在 System.Web.Http.Filters.ActionFilterAttribute.<ExecuteActionFilterAsyncCore>d__5.MoveNext()
--- 引发异常的上一位置中堆栈跟踪的末尾 ---
   在 System.Runtime.ExceptionServices.ExceptionDispatchInfo.Throw()
   在 System.Runtime.CompilerServices.TaskAwaiter.HandleNonSuccessAndDebuggerNotification(Task task)
   在 System.Web.Http.Controllers.ActionFilterResult.<ExecuteAsync>d__5.MoveNext()
--- 引发异常的上一位置中堆栈跟踪的末尾 ---
   在 System.Runtime.ExceptionServices.ExceptionDispatchInfo.Throw()
   在 System.Runtime.CompilerServices.TaskAwaiter.HandleNonSuccessAndDebuggerNotification(Task task)
   在 System.Web.Http.Controllers.ExceptionFilterResult.<ExecuteAsync>d__6.MoveNext()
ClientConnectionId:fe5ace9f-33c3-4a7c-97c0-1bf7150f21a9
Error Number:207,State:1,Class:16
19:22:10[INFO ]{CS.Img.WebAPI.Filters.ActionMonitorAttribute}-[Requestd].[].[card].[0].[GET]=>http://127.0.0.1:8888/api/card/custPayMoneyQuery
19:22:11[INFO ]{CS.Img.WebAPI.Filters.ActionMonitorAttribute}-[Response].[].[card].[0].[Exception]
19:22:11[INFO ]{CS.Img.WebAPI.Filters.ActionMonitorAttribute}-[WebApiRequest].[Exception].[0].[http://127.0.0.1:8888/api/card/custPayMoneyQuery]
   在 System.Data.SqlClient.SqlConnection.OnError(SqlException exception, Boolean breakConnection, Action`1 wrapCloseInAction)
   在 System.Data.SqlClient.TdsParser.ThrowExceptionAndWarning(TdsParserStateObject stateObj, Boolean callerHasConnectionLock, Boolean asyncClose)
   在 System.Data.SqlClient.TdsParser.TryRun(RunBehavior runBehavior, SqlCommand cmdHandler, SqlDataReader dataStream, BulkCopySimpleResultSet bulkCopyHandler, TdsParserStateObject stateObj, Boolean& dataReady)
   在 System.Data.SqlClient.SqlDataReader.TryConsumeMetaData()
   在 System.Data.SqlClient.SqlDataReader.get_MetaData()
   在 System.Data.SqlClient.SqlCommand.FinishExecuteReader(SqlDataReader ds, RunBehavior runBehavior, String resetOptionsString, Boolean isInternal, Boolean forDescribeParameterEncryption, Boolean shouldCacheForAlwaysEncrypted)
   在 System.Data.SqlClient.SqlCommand.RunExecuteReaderTds(CommandBehavior cmdBehavior, RunBehavior runBehavior, Boolean returnStream, Boolean async, Int32 timeout, Task& task, Boolean asyncWrite, Boolean inRetry, SqlDataReader ds, Boolean describeParameterEncryptionRequest)
   在 System.Data.SqlClient.SqlCommand.RunExecuteReader(CommandBehavior cmdBehavior, RunBehavior runBehavior, Boolean returnStream, String method, TaskCompletionSource`1 completion, Int32 timeout, Task& task, Boolean& usedCache, Boolean asyncWrite, Boolean inRetry)
   在 System.Data.SqlClient.SqlCommand.RunExecuteReader(CommandBehavior cmdBehavior, RunBehavior runBehavior, Boolean returnStream, String method)
   在 System.Data.SqlClient.SqlCommand.ExecuteReader(CommandBehavior behavior, String method)
   在 Dapper.SqlMapper.<QueryImpl>d__61`1.MoveNext() 位置 D:\Dev\dapper-dot-net\Dapper NET40\SqlMapper.cs:行号 1589
   在 System.Collections.Generic.List`1..ctor(IEnumerable`1 collection)
   在 System.Linq.Enumerable.ToList[TSource](IEnumerable`1 source)
   在 Dapper.SqlMapper.Query[T](IDbConnection cnn, String sql, Object param, IDbTransaction transaction, Boolean buffered, Nullable`1 commandTimeout, Nullable`1 commandType) 位置 D:\Dev\dapper-dot-net\Dapper NET40\SqlMapper.cs:行号 1479
   在 UnitOfWorkWithDapper.Core.DapperContext.Query[T](String sql, Object param, CommandType commandType) 位置 e:\工作\yaotion\WebAPI\MVC4WebAPI\UnitOfWorkWithDapper.Core\DapperContext.cs:行号 197
   在 CS.Img.Card.CardRepository.GetCustPayMoneyRecord(String stationNo, String beginTime, String endTime) 位置 e:\工作\yaotion\WebAPI\MVC4WebAPI\CS.Img.Card\Data\CardRepository.cs:行号 218
   在 CS.Img.Card.CardService.GetCustPayMoneyRecord(String stationNo, String beginTime, String endTime) 位置 e:\工作\yaotion\WebAPI\MVC4WebAPI\CS.Img.Card\Domain\CardService.cs:行号 90
   在 CS.Img.Card.CardApp.GetCustPayMoneyRecord(String stationNo, String beginTime, String endTime) 位置 e:\工作\yaotion\WebAPI\MVC4WebAPI\CS.Img.Card\AppService\CardApp.cs:行号 105
   在 CS.Img.Card.CardController.GetCustPayMoneyRecord(String stationNo, String begintime, String endtime) 位置 e:\工作\yaotion\WebAPI\MVC4WebAPI\CS.Img.Card\Controllers\CardController.cs:行号 167
   在 lambda_method(Closure , Object , Object[] )
   在 System.Web.Http.Controllers.ReflectedHttpActionDescriptor.ActionExecutor.<>c__DisplayClass6_2.<GetExecutor>b__2(Object instance, Object[] methodParameters)
   在 System.Web.Http.Controllers.ReflectedHttpActionDescriptor.ExecuteAsync(HttpControllerContext controllerContext, IDictionary`2 arguments, CancellationToken cancellationToken)
--- 引发异常的上一位置中堆栈跟踪的末尾 ---
   在 System.Runtime.ExceptionServices.ExceptionDispatchInfo.Throw()
   在 System.Runtime.CompilerServices.TaskAwaiter.HandleNonSuccessAndDebuggerNotification(Task task)
   在 System.Web.Http.Tracing.ITraceWriterExtensions.<TraceBeginEndAsyncCore>d__17`1.MoveNext()
--- 引发异常的上一位置中堆栈跟踪的末尾 ---
   在 System.Runtime.ExceptionServices.ExceptionDispatchInfo.Throw()
   在 System.Runtime.CompilerServices.TaskAwaiter.HandleNonSuccessAndDebuggerNotification(Task task)
   在 System.Web.Http.Controllers.ApiControllerActionInvoker.<InvokeActionAsyncCore>d__1.MoveNext()
--- 引发异常的上一位置中堆栈跟踪的末尾 ---
   在 System.Runtime.ExceptionServices.ExceptionDispatchInfo.Throw()
   在 System.Runtime.CompilerServices.TaskAwaiter.HandleNonSuccessAndDebuggerNotification(Task task)
   在 System.Web.Http.Tracing.ITraceWriterExtensions.<TraceBeginEndAsyncCore>d__17`1.MoveNext()
--- 引发异常的上一位置中堆栈跟踪的末尾 ---
   在 System.Runtime.ExceptionServices.ExceptionDispatchInfo.Throw()
   在 System.Runtime.CompilerServices.TaskAwaiter.HandleNonSuccessAndDebuggerNotification(Task task)
   在 System.Web.Http.Filters.ActionFilterAttribute.<CallOnActionExecutedAsync>d__6.MoveNext()
19:22:11[ERROR]{CS.Img.WebAPI.Filters.NotImplExceptionFilterAttribute}-NotImplExceptionFilterAttribute
System.Data.SqlClient.SqlException (0x80131904): 列名 'BounsMoney' 无效。
   在 System.Data.SqlClient.SqlConnection.OnError(SqlException exception, Boolean breakConnection, Action`1 wrapCloseInAction)
   在 System.Data.SqlClient.TdsParser.ThrowExceptionAndWarning(TdsParserStateObject stateObj, Boolean callerHasConnectionLock, Boolean asyncClose)
   在 System.Data.SqlClient.TdsParser.TryRun(RunBehavior runBehavior, SqlCommand cmdHandler, SqlDataReader dataStream, BulkCopySimpleResultSet bulkCopyHandler, TdsParserStateObject stateObj, Boolean& dataReady)
   在 System.Data.SqlClient.SqlDataReader.TryConsumeMetaData()
   在 System.Data.SqlClient.SqlDataReader.get_MetaData()
   在 System.Data.SqlClient.SqlCommand.FinishExecuteReader(SqlDataReader ds, RunBehavior runBehavior, String resetOptionsString, Boolean isInternal, Boolean forDescribeParameterEncryption, Boolean shouldCacheForAlwaysEncrypted)
   在 System.Data.SqlClient.SqlCommand.RunExecuteReaderTds(CommandBehavior cmdBehavior, RunBehavior runBehavior, Boolean returnStream, Boolean async, Int32 timeout, Task& task, Boolean asyncWrite, Boolean inRetry, SqlDataReader ds, Boolean describeParameterEncryptionRequest)
   在 System.Data.SqlClient.SqlCommand.RunExecuteReader(CommandBehavior cmdBehavior, RunBehavior runBehavior, Boolean returnStream, String method, TaskCompletionSource`1 completion, Int32 timeout, Task& task, Boolean& usedCache, Boolean asyncWrite, Boolean inRetry)
   在 System.Data.SqlClient.SqlCommand.RunExecuteReader(CommandBehavior cmdBehavior, RunBehavior runBehavior, Boolean returnStream, String method)
   在 System.Data.SqlClient.SqlCommand.ExecuteReader(CommandBehavior behavior, String method)
   在 Dapper.SqlMapper.<QueryImpl>d__61`1.MoveNext() 位置 D:\Dev\dapper-dot-net\Dapper NET40\SqlMapper.cs:行号 1589
   在 System.Collections.Generic.List`1..ctor(IEnumerable`1 collection)
   在 System.Linq.Enumerable.ToList[TSource](IEnumerable`1 source)
   在 Dapper.SqlMapper.Query[T](IDbConnection cnn, String sql, Object param, IDbTransaction transaction, Boolean buffered, Nullable`1 commandTimeout, Nullable`1 commandType) 位置 D:\Dev\dapper-dot-net\Dapper NET40\SqlMapper.cs:行号 1479
   在 UnitOfWorkWithDapper.Core.DapperContext.Query[T](String sql, Object param, CommandType commandType) 位置 e:\工作\yaotion\WebAPI\MVC4WebAPI\UnitOfWorkWithDapper.Core\DapperContext.cs:行号 197
   在 CS.Img.Card.CardRepository.GetCustPayMoneyRecord(String stationNo, String beginTime, String endTime) 位置 e:\工作\yaotion\WebAPI\MVC4WebAPI\CS.Img.Card\Data\CardRepository.cs:行号 218
   在 CS.Img.Card.CardService.GetCustPayMoneyRecord(String stationNo, String beginTime, String endTime) 位置 e:\工作\yaotion\WebAPI\MVC4WebAPI\CS.Img.Card\Domain\CardService.cs:行号 90
   在 CS.Img.Card.CardApp.GetCustPayMoneyRecord(String stationNo, String beginTime, String endTime) 位置 e:\工作\yaotion\WebAPI\MVC4WebAPI\CS.Img.Card\AppService\CardApp.cs:行号 105
   在 CS.Img.Card.CardController.GetCustPayMoneyRecord(String stationNo, String begintime, String endtime) 位置 e:\工作\yaotion\WebAPI\MVC4WebAPI\CS.Img.Card\Controllers\CardController.cs:行号 167
   在 lambda_method(Closure , Object , Object[] )
   在 System.Web.Http.Controllers.ReflectedHttpActionDescriptor.ActionExecutor.<>c__DisplayClass6_2.<GetExecutor>b__2(Object instance, Object[] methodParameters)
   在 System.Web.Http.Controllers.ReflectedHttpActionDescriptor.ExecuteAsync(HttpControllerContext controllerContext, IDictionary`2 arguments, CancellationToken cancellationToken)
--- 引发异常的上一位置中堆栈跟踪的末尾 ---
   在 System.Runtime.ExceptionServices.ExceptionDispatchInfo.Throw()
   在 System.Runtime.CompilerServices.TaskAwaiter.HandleNonSuccessAndDebuggerNotification(Task task)
   在 System.Web.Http.Tracing.ITraceWriterExtensions.<TraceBeginEndAsyncCore>d__17`1.MoveNext()
--- 引发异常的上一位置中堆栈跟踪的末尾 ---
   在 System.Runtime.ExceptionServices.ExceptionDispatchInfo.Throw()
   在 System.Runtime.CompilerServices.TaskAwaiter.HandleNonSuccessAndDebuggerNotification(Task task)
   在 System.Web.Http.Controllers.ApiControllerActionInvoker.<InvokeActionAsyncCore>d__1.MoveNext()
--- 引发异常的上一位置中堆栈跟踪的末尾 ---
   在 System.Runtime.ExceptionServices.ExceptionDispatchInfo.Throw()
   在 System.Runtime.CompilerServices.TaskAwaiter.HandleNonSuccessAndDebuggerNotification(Task task)
   在 System.Web.Http.Tracing.ITraceWriterExtensions.<TraceBeginEndAsyncCore>d__17`1.MoveNext()
--- 引发异常的上一位置中堆栈跟踪的末尾 ---
   在 System.Runtime.ExceptionServices.ExceptionDispatchInfo.Throw()
   在 System.Runtime.CompilerServices.TaskAwaiter.HandleNonSuccessAndDebuggerNotification(Task task)
   在 System.Web.Http.Filters.ActionFilterAttribute.<CallOnActionExecutedAsync>d__6.MoveNext()
--- 引发异常的上一位置中堆栈跟踪的末尾 ---
   在 System.Runtime.ExceptionServices.ExceptionDispatchInfo.Throw()
   在 System.Web.Http.Filters.ActionFilterAttribute.<CallOnActionExecutedAsync>d__6.MoveNext()
--- 引发异常的上一位置中堆栈跟踪的末尾 ---
   在 System.Runtime.ExceptionServices.ExceptionDispatchInfo.Throw()
   在 System.Runtime.CompilerServices.TaskAwaiter.HandleNonSuccessAndDebuggerNotification(Task task)
   在 System.Web.Http.Filters.ActionFilterAttribute.<ExecuteActionFilterAsyncCore>d__5.MoveNext()
--- 引发异常的上一位置中堆栈跟踪的末尾 ---
   在 System.Runtime.ExceptionServices.ExceptionDispatchInfo.Throw()
   在 System.Runtime.CompilerServices.TaskAwaiter.HandleNonSuccessAndDebuggerNotification(Task task)
   在 System.Web.Http.Controllers.ActionFilterResult.<ExecuteAsync>d__5.MoveNext()
--- 引发异常的上一位置中堆栈跟踪的末尾 ---
   在 System.Runtime.ExceptionServices.ExceptionDispatchInfo.Throw()
   在 System.Runtime.CompilerServices.TaskAwaiter.HandleNonSuccessAndDebuggerNotification(Task task)
   在 System.Web.Http.Controllers.ExceptionFilterResult.<ExecuteAsync>d__6.MoveNext()
ClientConnectionId:5e9d6cf0-b90f-4b93-8b2a-78a9259a3fbf
Error Number:207,State:1,Class:16
19:24:20[INFO ]{CS.Img.WebAPI.Filters.ActionMonitorAttribute}-[Requestd].[].[card].[1].[GET]=>http://127.0.0.1:8888/api/card/custPayMoneyQuery
19:25:27[INFO ]{CS.Img.WebAPI.Filters.ActionMonitorAttribute}-[Response].[].[card].[1].[Exception]
19:25:27[INFO ]{CS.Img.WebAPI.Filters.ActionMonitorAttribute}-[WebApiRequest].[Exception].[1].[http://127.0.0.1:8888/api/card/custPayMoneyQuery]
   在 System.Data.SqlClient.SqlConnection.OnError(SqlException exception, Boolean breakConnection, Action`1 wrapCloseInAction)
   在 System.Data.SqlClient.TdsParser.ThrowExceptionAndWarning(TdsParserStateObject stateObj, Boolean callerHasConnectionLock, Boolean asyncClose)
   在 System.Data.SqlClient.TdsParser.TryRun(RunBehavior runBehavior, SqlCommand cmdHandler, SqlDataReader dataStream, BulkCopySimpleResultSet bulkCopyHandler, TdsParserStateObject stateObj, Boolean& dataReady)
   在 System.Data.SqlClient.SqlDataReader.TryConsumeMetaData()
   在 System.Data.SqlClient.SqlDataReader.get_MetaData()
   在 System.Data.SqlClient.SqlCommand.FinishExecuteReader(SqlDataReader ds, RunBehavior runBehavior, String resetOptionsString, Boolean isInternal, Boolean forDescribeParameterEncryption, Boolean shouldCacheForAlwaysEncrypted)
   在 System.Data.SqlClient.SqlCommand.RunExecuteReaderTds(CommandBehavior cmdBehavior, RunBehavior runBehavior, Boolean returnStream, Boolean async, Int32 timeout, Task& task, Boolean asyncWrite, Boolean inRetry, SqlDataReader ds, Boolean describeParameterEncryptionRequest)
   在 System.Data.SqlClient.SqlCommand.RunExecuteReader(CommandBehavior cmdBehavior, RunBehavior runBehavior, Boolean returnStream, String method, TaskCompletionSource`1 completion, Int32 timeout, Task& task, Boolean& usedCache, Boolean asyncWrite, Boolean inRetry)
   在 System.Data.SqlClient.SqlCommand.RunExecuteReader(CommandBehavior cmdBehavior, RunBehavior runBehavior, Boolean returnStream, String method)
   在 System.Data.SqlClient.SqlCommand.ExecuteReader(CommandBehavior behavior, String method)
   在 Dapper.SqlMapper.<QueryImpl>d__61`1.MoveNext() 位置 D:\Dev\dapper-dot-net\Dapper NET40\SqlMapper.cs:行号 1589
   在 System.Collections.Generic.List`1..ctor(IEnumerable`1 collection)
   在 System.Linq.Enumerable.ToList[TSource](IEnumerable`1 source)
   在 Dapper.SqlMapper.Query[T](IDbConnection cnn, String sql, Object param, IDbTransaction transaction, Boolean buffered, Nullable`1 commandTimeout, Nullable`1 commandType) 位置 D:\Dev\dapper-dot-net\Dapper NET40\SqlMapper.cs:行号 1479
   在 UnitOfWorkWithDapper.Core.DapperContext.Query[T](String sql, Object param, CommandType commandType) 位置 e:\工作\yaotion\WebAPI\MVC4WebAPI\UnitOfWorkWithDapper.Core\DapperContext.cs:行号 197
   在 CS.Img.Card.CardRepository.GetCustPayMoneyRecord(String stationNo, String beginTime, String endTime) 位置 e:\工作\yaotion\WebAPI\MVC4WebAPI\CS.Img.Card\Data\CardRepository.cs:行号 218
   在 CS.Img.Card.CardService.GetCustPayMoneyRecord(String stationNo, String beginTime, String endTime) 位置 e:\工作\yaotion\WebAPI\MVC4WebAPI\CS.Img.Card\Domain\CardService.cs:行号 90
   在 CS.Img.Card.CardApp.GetCustPayMoneyRecord(String stationNo, String beginTime, String endTime) 位置 e:\工作\yaotion\WebAPI\MVC4WebAPI\CS.Img.Card\AppService\CardApp.cs:行号 105
   在 CS.Img.Card.CardController.GetCustPayMoneyRecord(String stationNo, String begintime, String endtime) 位置 e:\工作\yaotion\WebAPI\MVC4WebAPI\CS.Img.Card\Controllers\CardController.cs:行号 167
   在 lambda_method(Closure , Object , Object[] )
   在 System.Web.Http.Controllers.ReflectedHttpActionDescriptor.ActionExecutor.<>c__DisplayClass6_2.<GetExecutor>b__2(Object instance, Object[] methodParameters)
   在 System.Web.Http.Controllers.ReflectedHttpActionDescriptor.ExecuteAsync(HttpControllerContext controllerContext, IDictionary`2 arguments, CancellationToken cancellationToken)
--- 引发异常的上一位置中堆栈跟踪的末尾 ---
   在 System.Runtime.ExceptionServices.ExceptionDispatchInfo.Throw()
   在 System.Runtime.CompilerServices.TaskAwaiter.HandleNonSuccessAndDebuggerNotification(Task task)
   在 System.Web.Http.Tracing.ITraceWriterExtensions.<TraceBeginEndAsyncCore>d__17`1.MoveNext()
--- 引发异常的上一位置中堆栈跟踪的末尾 ---
   在 System.Runtime.ExceptionServices.ExceptionDispatchInfo.Throw()
   在 System.Runtime.CompilerServices.TaskAwaiter.HandleNonSuccessAndDebuggerNotification(Task task)
   在 System.Web.Http.Controllers.ApiControllerActionInvoker.<InvokeActionAsyncCore>d__1.MoveNext()
--- 引发异常的上一位置中堆栈跟踪的末尾 ---
   在 System.Runtime.ExceptionServices.ExceptionDispatchInfo.Throw()
   在 System.Runtime.CompilerServices.TaskAwaiter.HandleNonSuccessAndDebuggerNotification(Task task)
   在 System.Web.Http.Tracing.ITraceWriterExtensions.<TraceBeginEndAsyncCore>d__17`1.MoveNext()
--- 引发异常的上一位置中堆栈跟踪的末尾 ---
   在 System.Runtime.ExceptionServices.ExceptionDispatchInfo.Throw()
   在 System.Runtime.CompilerServices.TaskAwaiter.HandleNonSuccessAndDebuggerNotification(Task task)
   在 System.Web.Http.Filters.ActionFilterAttribute.<CallOnActionExecutedAsync>d__6.MoveNext()
19:25:27[ERROR]{CS.Img.WebAPI.Filters.NotImplExceptionFilterAttribute}-NotImplExceptionFilterAttribute
System.Data.SqlClient.SqlException (0x80131904): 列名 'BounsMoney' 无效。
   在 System.Data.SqlClient.SqlConnection.OnError(SqlException exception, Boolean breakConnection, Action`1 wrapCloseInAction)
   在 System.Data.SqlClient.TdsParser.ThrowExceptionAndWarning(TdsParserStateObject stateObj, Boolean callerHasConnectionLock, Boolean asyncClose)
   在 System.Data.SqlClient.TdsParser.TryRun(RunBehavior runBehavior, SqlCommand cmdHandler, SqlDataReader dataStream, BulkCopySimpleResultSet bulkCopyHandler, TdsParserStateObject stateObj, Boolean& dataReady)
   在 System.Data.SqlClient.SqlDataReader.TryConsumeMetaData()
   在 System.Data.SqlClient.SqlDataReader.get_MetaData()
   在 System.Data.SqlClient.SqlCommand.FinishExecuteReader(SqlDataReader ds, RunBehavior runBehavior, String resetOptionsString, Boolean isInternal, Boolean forDescribeParameterEncryption, Boolean shouldCacheForAlwaysEncrypted)
   在 System.Data.SqlClient.SqlCommand.RunExecuteReaderTds(CommandBehavior cmdBehavior, RunBehavior runBehavior, Boolean returnStream, Boolean async, Int32 timeout, Task& task, Boolean asyncWrite, Boolean inRetry, SqlDataReader ds, Boolean describeParameterEncryptionRequest)
   在 System.Data.SqlClient.SqlCommand.RunExecuteReader(CommandBehavior cmdBehavior, RunBehavior runBehavior, Boolean returnStream, String method, TaskCompletionSource`1 completion, Int32 timeout, Task& task, Boolean& usedCache, Boolean asyncWrite, Boolean inRetry)
   在 System.Data.SqlClient.SqlCommand.RunExecuteReader(CommandBehavior cmdBehavior, RunBehavior runBehavior, Boolean returnStream, String method)
   在 System.Data.SqlClient.SqlCommand.ExecuteReader(CommandBehavior behavior, String method)
   在 Dapper.SqlMapper.<QueryImpl>d__61`1.MoveNext() 位置 D:\Dev\dapper-dot-net\Dapper NET40\SqlMapper.cs:行号 1589
   在 System.Collections.Generic.List`1..ctor(IEnumerable`1 collection)
   在 System.Linq.Enumerable.ToList[TSource](IEnumerable`1 source)
   在 Dapper.SqlMapper.Query[T](IDbConnection cnn, String sql, Object param, IDbTransaction transaction, Boolean buffered, Nullable`1 commandTimeout, Nullable`1 commandType) 位置 D:\Dev\dapper-dot-net\Dapper NET40\SqlMapper.cs:行号 1479
   在 UnitOfWorkWithDapper.Core.DapperContext.Query[T](String sql, Object param, CommandType commandType) 位置 e:\工作\yaotion\WebAPI\MVC4WebAPI\UnitOfWorkWithDapper.Core\DapperContext.cs:行号 197
   在 CS.Img.Card.CardRepository.GetCustPayMoneyRecord(String stationNo, String beginTime, String endTime) 位置 e:\工作\yaotion\WebAPI\MVC4WebAPI\CS.Img.Card\Data\CardRepository.cs:行号 218
   在 CS.Img.Card.CardService.GetCustPayMoneyRecord(String stationNo, String beginTime, String endTime) 位置 e:\工作\yaotion\WebAPI\MVC4WebAPI\CS.Img.Card\Domain\CardService.cs:行号 90
   在 CS.Img.Card.CardApp.GetCustPayMoneyRecord(String stationNo, String beginTime, String endTime) 位置 e:\工作\yaotion\WebAPI\MVC4WebAPI\CS.Img.Card\AppService\CardApp.cs:行号 105
   在 CS.Img.Card.CardController.GetCustPayMoneyRecord(String stationNo, String begintime, String endtime) 位置 e:\工作\yaotion\WebAPI\MVC4WebAPI\CS.Img.Card\Controllers\CardController.cs:行号 167
   在 lambda_method(Closure , Object , Object[] )
   在 System.Web.Http.Controllers.ReflectedHttpActionDescriptor.ActionExecutor.<>c__DisplayClass6_2.<GetExecutor>b__2(Object instance, Object[] methodParameters)
   在 System.Web.Http.Controllers.ReflectedHttpActionDescriptor.ExecuteAsync(HttpControllerContext controllerContext, IDictionary`2 arguments, CancellationToken cancellationToken)
--- 引发异常的上一位置中堆栈跟踪的末尾 ---
   在 System.Runtime.ExceptionServices.ExceptionDispatchInfo.Throw()
   在 System.Runtime.CompilerServices.TaskAwaiter.HandleNonSuccessAndDebuggerNotification(Task task)
   在 System.Web.Http.Tracing.ITraceWriterExtensions.<TraceBeginEndAsyncCore>d__17`1.MoveNext()
--- 引发异常的上一位置中堆栈跟踪的末尾 ---
   在 System.Runtime.ExceptionServices.ExceptionDispatchInfo.Throw()
   在 System.Runtime.CompilerServices.TaskAwaiter.HandleNonSuccessAndDebuggerNotification(Task task)
   在 System.Web.Http.Controllers.ApiControllerActionInvoker.<InvokeActionAsyncCore>d__1.MoveNext()
--- 引发异常的上一位置中堆栈跟踪的末尾 ---
   在 System.Runtime.ExceptionServices.ExceptionDispatchInfo.Throw()
   在 System.Runtime.CompilerServices.TaskAwaiter.HandleNonSuccessAndDebuggerNotification(Task task)
   在 System.Web.Http.Tracing.ITraceWriterExtensions.<TraceBeginEndAsyncCore>d__17`1.MoveNext()
--- 引发异常的上一位置中堆栈跟踪的末尾 ---
   在 System.Runtime.ExceptionServices.ExceptionDispatchInfo.Throw()
   在 System.Runtime.CompilerServices.TaskAwaiter.HandleNonSuccessAndDebuggerNotification(Task task)
   在 System.Web.Http.Filters.ActionFilterAttribute.<CallOnActionExecutedAsync>d__6.MoveNext()
--- 引发异常的上一位置中堆栈跟踪的末尾 ---
   在 System.Runtime.ExceptionServices.ExceptionDispatchInfo.Throw()
   在 System.Web.Http.Filters.ActionFilterAttribute.<CallOnActionExecutedAsync>d__6.MoveNext()
--- 引发异常的上一位置中堆栈跟踪的末尾 ---
   在 System.Runtime.ExceptionServices.ExceptionDispatchInfo.Throw()
   在 System.Runtime.CompilerServices.TaskAwaiter.HandleNonSuccessAndDebuggerNotification(Task task)
   在 System.Web.Http.Filters.ActionFilterAttribute.<ExecuteActionFilterAsyncCore>d__5.MoveNext()
--- 引发异常的上一位置中堆栈跟踪的末尾 ---
   在 System.Runtime.ExceptionServices.ExceptionDispatchInfo.Throw()
   在 System.Runtime.CompilerServices.TaskAwaiter.HandleNonSuccessAndDebuggerNotification(Task task)
   在 System.Web.Http.Controllers.ActionFilterResult.<ExecuteAsync>d__5.MoveNext()
--- 引发异常的上一位置中堆栈跟踪的末尾 ---
   在 System.Runtime.ExceptionServices.ExceptionDispatchInfo.Throw()
   在 System.Runtime.CompilerServices.TaskAwaiter.HandleNonSuccessAndDebuggerNotification(Task task)
   在 System.Web.Http.Controllers.ExceptionFilterResult.<ExecuteAsync>d__6.MoveNext()
ClientConnectionId:74cd0779-c17a-4bad-9f99-989238d38e1f
Error Number:207,State:1,Class:16
19:26:19[INFO ]{CS.Img.WebAPI.Filters.ActionMonitorAttribute}-[Requestd].[].[card].[2].[GET]=>http://127.0.0.1:8888/api/card/custPayMoneyQuery
19:27:32[INFO ]{CS.Img.WebAPI.Filters.ActionMonitorAttribute}-[Response].[].[card].[2].[Exception]
19:27:32[INFO ]{CS.Img.WebAPI.Filters.ActionMonitorAttribute}-[WebApiRequest].[Exception].[2].[http://127.0.0.1:8888/api/card/custPayMoneyQuery]
   在 System.Data.SqlClient.SqlConnection.OnError(SqlException exception, Boolean breakConnection, Action`1 wrapCloseInAction)
   在 System.Data.SqlClient.TdsParser.ThrowExceptionAndWarning(TdsParserStateObject stateObj, Boolean callerHasConnectionLock, Boolean asyncClose)
   在 System.Data.SqlClient.TdsParser.TryRun(RunBehavior runBehavior, SqlCommand cmdHandler, SqlDataReader dataStream, BulkCopySimpleResultSet bulkCopyHandler, TdsParserStateObject stateObj, Boolean& dataReady)
   在 System.Data.SqlClient.SqlDataReader.TryConsumeMetaData()
   在 System.Data.SqlClient.SqlDataReader.get_MetaData()
   在 System.Data.SqlClient.SqlCommand.FinishExecuteReader(SqlDataReader ds, RunBehavior runBehavior, String resetOptionsString, Boolean isInternal, Boolean forDescribeParameterEncryption, Boolean shouldCacheForAlwaysEncrypted)
   在 System.Data.SqlClient.SqlCommand.RunExecuteReaderTds(CommandBehavior cmdBehavior, RunBehavior runBehavior, Boolean returnStream, Boolean async, Int32 timeout, Task& task, Boolean asyncWrite, Boolean inRetry, SqlDataReader ds, Boolean describeParameterEncryptionRequest)
   在 System.Data.SqlClient.SqlCommand.RunExecuteReader(CommandBehavior cmdBehavior, RunBehavior runBehavior, Boolean returnStream, String method, TaskCompletionSource`1 completion, Int32 timeout, Task& task, Boolean& usedCache, Boolean asyncWrite, Boolean inRetry)
   在 System.Data.SqlClient.SqlCommand.RunExecuteReader(CommandBehavior cmdBehavior, RunBehavior runBehavior, Boolean returnStream, String method)
   在 System.Data.SqlClient.SqlCommand.ExecuteReader(CommandBehavior behavior, String method)
   在 Dapper.SqlMapper.<QueryImpl>d__61`1.MoveNext() 位置 D:\Dev\dapper-dot-net\Dapper NET40\SqlMapper.cs:行号 1589
   在 System.Collections.Generic.List`1..ctor(IEnumerable`1 collection)
   在 System.Linq.Enumerable.ToList[TSource](IEnumerable`1 source)
   在 Dapper.SqlMapper.Query[T](IDbConnection cnn, String sql, Object param, IDbTransaction transaction, Boolean buffered, Nullable`1 commandTimeout, Nullable`1 commandType) 位置 D:\Dev\dapper-dot-net\Dapper NET40\SqlMapper.cs:行号 1479
   在 UnitOfWorkWithDapper.Core.DapperContext.Query[T](String sql, Object param, CommandType commandType) 位置 e:\工作\yaotion\WebAPI\MVC4WebAPI\UnitOfWorkWithDapper.Core\DapperContext.cs:行号 197
   在 CS.Img.Card.CardRepository.GetCustPayMoneyRecord(String stationNo, String beginTime, String endTime) 位置 e:\工作\yaotion\WebAPI\MVC4WebAPI\CS.Img.Card\Data\CardRepository.cs:行号 218
   在 CS.Img.Card.CardService.GetCustPayMoneyRecord(String stationNo, String beginTime, String endTime) 位置 e:\工作\yaotion\WebAPI\MVC4WebAPI\CS.Img.Card\Domain\CardService.cs:行号 90
   在 CS.Img.Card.CardApp.GetCustPayMoneyRecord(String stationNo, String beginTime, String endTime) 位置 e:\工作\yaotion\WebAPI\MVC4WebAPI\CS.Img.Card\AppService\CardApp.cs:行号 105
   在 CS.Img.Card.CardController.GetCustPayMoneyRecord(String stationNo, String begintime, String endtime) 位置 e:\工作\yaotion\WebAPI\MVC4WebAPI\CS.Img.Card\Controllers\CardController.cs:行号 167
   在 lambda_method(Closure , Object , Object[] )
   在 System.Web.Http.Controllers.ReflectedHttpActionDescriptor.ActionExecutor.<>c__DisplayClass6_2.<GetExecutor>b__2(Object instance, Object[] methodParameters)
   在 System.Web.Http.Controllers.ReflectedHttpActionDescriptor.ExecuteAsync(HttpControllerContext controllerContext, IDictionary`2 arguments, CancellationToken cancellationToken)
--- 引发异常的上一位置中堆栈跟踪的末尾 ---
   在 System.Runtime.ExceptionServices.ExceptionDispatchInfo.Throw()
   在 System.Runtime.CompilerServices.TaskAwaiter.HandleNonSuccessAndDebuggerNotification(Task task)
   在 System.Web.Http.Tracing.ITraceWriterExtensions.<TraceBeginEndAsyncCore>d__17`1.MoveNext()
--- 引发异常的上一位置中堆栈跟踪的末尾 ---
   在 System.Runtime.ExceptionServices.ExceptionDispatchInfo.Throw()
   在 System.Runtime.CompilerServices.TaskAwaiter.HandleNonSuccessAndDebuggerNotification(Task task)
   在 System.Web.Http.Controllers.ApiControllerActionInvoker.<InvokeActionAsyncCore>d__1.MoveNext()
--- 引发异常的上一位置中堆栈跟踪的末尾 ---
   在 System.Runtime.ExceptionServices.ExceptionDispatchInfo.Throw()
   在 System.Runtime.CompilerServices.TaskAwaiter.HandleNonSuccessAndDebuggerNotification(Task task)
   在 System.Web.Http.Tracing.ITraceWriterExtensions.<TraceBeginEndAsyncCore>d__17`1.MoveNext()
--- 引发异常的上一位置中堆栈跟踪的末尾 ---
   在 System.Runtime.ExceptionServices.ExceptionDispatchInfo.Throw()
   在 System.Runtime.CompilerServices.TaskAwaiter.HandleNonSuccessAndDebuggerNotification(Task task)
   在 System.Web.Http.Filters.ActionFilterAttribute.<CallOnActionExecutedAsync>d__6.MoveNext()
19:27:32[ERROR]{CS.Img.WebAPI.Filters.NotImplExceptionFilterAttribute}-NotImplExceptionFilterAttribute
System.Data.SqlClient.SqlException (0x80131904): 列名 'BounsMoney' 无效。
   在 System.Data.SqlClient.SqlConnection.OnError(SqlException exception, Boolean breakConnection, Action`1 wrapCloseInAction)
   在 System.Data.SqlClient.TdsParser.ThrowExceptionAndWarning(TdsParserStateObject stateObj, Boolean callerHasConnectionLock, Boolean asyncClose)
   在 System.Data.SqlClient.TdsParser.TryRun(RunBehavior runBehavior, SqlCommand cmdHandler, SqlDataReader dataStream, BulkCopySimpleResultSet bulkCopyHandler, TdsParserStateObject stateObj, Boolean& dataReady)
   在 System.Data.SqlClient.SqlDataReader.TryConsumeMetaData()
   在 System.Data.SqlClient.SqlDataReader.get_MetaData()
   在 System.Data.SqlClient.SqlCommand.FinishExecuteReader(SqlDataReader ds, RunBehavior runBehavior, String resetOptionsString, Boolean isInternal, Boolean forDescribeParameterEncryption, Boolean shouldCacheForAlwaysEncrypted)
   在 System.Data.SqlClient.SqlCommand.RunExecuteReaderTds(CommandBehavior cmdBehavior, RunBehavior runBehavior, Boolean returnStream, Boolean async, Int32 timeout, Task& task, Boolean asyncWrite, Boolean inRetry, SqlDataReader ds, Boolean describeParameterEncryptionRequest)
   在 System.Data.SqlClient.SqlCommand.RunExecuteReader(CommandBehavior cmdBehavior, RunBehavior runBehavior, Boolean returnStream, String method, TaskCompletionSource`1 completion, Int32 timeout, Task& task, Boolean& usedCache, Boolean asyncWrite, Boolean inRetry)
   在 System.Data.SqlClient.SqlCommand.RunExecuteReader(CommandBehavior cmdBehavior, RunBehavior runBehavior, Boolean returnStream, String method)
   在 System.Data.SqlClient.SqlCommand.ExecuteReader(CommandBehavior behavior, String method)
   在 Dapper.SqlMapper.<QueryImpl>d__61`1.MoveNext() 位置 D:\Dev\dapper-dot-net\Dapper NET40\SqlMapper.cs:行号 1589
   在 System.Collections.Generic.List`1..ctor(IEnumerable`1 collection)
   在 System.Linq.Enumerable.ToList[TSource](IEnumerable`1 source)
   在 Dapper.SqlMapper.Query[T](IDbConnection cnn, String sql, Object param, IDbTransaction transaction, Boolean buffered, Nullable`1 commandTimeout, Nullable`1 commandType) 位置 D:\Dev\dapper-dot-net\Dapper NET40\SqlMapper.cs:行号 1479
   在 UnitOfWorkWithDapper.Core.DapperContext.Query[T](String sql, Object param, CommandType commandType) 位置 e:\工作\yaotion\WebAPI\MVC4WebAPI\UnitOfWorkWithDapper.Core\DapperContext.cs:行号 197
   在 CS.Img.Card.CardRepository.GetCustPayMoneyRecord(String stationNo, String beginTime, String endTime) 位置 e:\工作\yaotion\WebAPI\MVC4WebAPI\CS.Img.Card\Data\CardRepository.cs:行号 218
   在 CS.Img.Card.CardService.GetCustPayMoneyRecord(String stationNo, String beginTime, String endTime) 位置 e:\工作\yaotion\WebAPI\MVC4WebAPI\CS.Img.Card\Domain\CardService.cs:行号 90
   在 CS.Img.Card.CardApp.GetCustPayMoneyRecord(String stationNo, String beginTime, String endTime) 位置 e:\工作\yaotion\WebAPI\MVC4WebAPI\CS.Img.Card\AppService\CardApp.cs:行号 105
   在 CS.Img.Card.CardController.GetCustPayMoneyRecord(String stationNo, String begintime, String endtime) 位置 e:\工作\yaotion\WebAPI\MVC4WebAPI\CS.Img.Card\Controllers\CardController.cs:行号 167
   在 lambda_method(Closure , Object , Object[] )
   在 System.Web.Http.Controllers.ReflectedHttpActionDescriptor.ActionExecutor.<>c__DisplayClass6_2.<GetExecutor>b__2(Object instance, Object[] methodParameters)
   在 System.Web.Http.Controllers.ReflectedHttpActionDescriptor.ExecuteAsync(HttpControllerContext controllerContext, IDictionary`2 arguments, CancellationToken cancellationToken)
--- 引发异常的上一位置中堆栈跟踪的末尾 ---
   在 System.Runtime.ExceptionServices.ExceptionDispatchInfo.Throw()
   在 System.Runtime.CompilerServices.TaskAwaiter.HandleNonSuccessAndDebuggerNotification(Task task)
   在 System.Web.Http.Tracing.ITraceWriterExtensions.<TraceBeginEndAsyncCore>d__17`1.MoveNext()
--- 引发异常的上一位置中堆栈跟踪的末尾 ---
   在 System.Runtime.ExceptionServices.ExceptionDispatchInfo.Throw()
   在 System.Runtime.CompilerServices.TaskAwaiter.HandleNonSuccessAndDebuggerNotification(Task task)
   在 System.Web.Http.Controllers.ApiControllerActionInvoker.<InvokeActionAsyncCore>d__1.MoveNext()
--- 引发异常的上一位置中堆栈跟踪的末尾 ---
   在 System.Runtime.ExceptionServices.ExceptionDispatchInfo.Throw()
   在 System.Runtime.CompilerServices.TaskAwaiter.HandleNonSuccessAndDebuggerNotification(Task task)
   在 System.Web.Http.Tracing.ITraceWriterExtensions.<TraceBeginEndAsyncCore>d__17`1.MoveNext()
--- 引发异常的上一位置中堆栈跟踪的末尾 ---
   在 System.Runtime.ExceptionServices.ExceptionDispatchInfo.Throw()
   在 System.Runtime.CompilerServices.TaskAwaiter.HandleNonSuccessAndDebuggerNotification(Task task)
   在 System.Web.Http.Filters.ActionFilterAttribute.<CallOnActionExecutedAsync>d__6.MoveNext()
--- 引发异常的上一位置中堆栈跟踪的末尾 ---
   在 System.Runtime.ExceptionServices.ExceptionDispatchInfo.Throw()
   在 System.Web.Http.Filters.ActionFilterAttribute.<CallOnActionExecutedAsync>d__6.MoveNext()
--- 引发异常的上一位置中堆栈跟踪的末尾 ---
   在 System.Runtime.ExceptionServices.ExceptionDispatchInfo.Throw()
   在 System.Runtime.CompilerServices.TaskAwaiter.HandleNonSuccessAndDebuggerNotification(Task task)
   在 System.Web.Http.Filters.ActionFilterAttribute.<ExecuteActionFilterAsyncCore>d__5.MoveNext()
--- 引发异常的上一位置中堆栈跟踪的末尾 ---
   在 System.Runtime.ExceptionServices.ExceptionDispatchInfo.Throw()
   在 System.Runtime.CompilerServices.TaskAwaiter.HandleNonSuccessAndDebuggerNotification(Task task)
   在 System.Web.Http.Controllers.ActionFilterResult.<ExecuteAsync>d__5.MoveNext()
--- 引发异常的上一位置中堆栈跟踪的末尾 ---
   在 System.Runtime.ExceptionServices.ExceptionDispatchInfo.Throw()
   在 System.Runtime.CompilerServices.TaskAwaiter.HandleNonSuccessAndDebuggerNotification(Task task)
   在 System.Web.Http.Controllers.ExceptionFilterResult.<ExecuteAsync>d__6.MoveNext()
ClientConnectionId:e96526a4-5baf-47fa-95b1-6207d28ec3e7
Error Number:207,State:1,Class:16
19:28:11[INFO ]{CS.Img.WebAPI.Filters.ActionMonitorAttribute}-[Requestd].[].[card].[0].[GET]=>http://127.0.0.1:8888/api/card/custPayMoneyQuery
19:28:11[INFO ]{CS.Img.WebAPI.Filters.ActionMonitorAttribute}-[Response].[].[card].[0].[Exception]
19:28:11[INFO ]{CS.Img.WebAPI.Filters.ActionMonitorAttribute}-[WebApiRequest].[Exception].[0].[http://127.0.0.1:8888/api/card/custPayMoneyQuery]
   在 System.Data.SqlClient.SqlConnection.OnError(SqlException exception, Boolean breakConnection, Action`1 wrapCloseInAction)
   在 System.Data.SqlClient.TdsParser.ThrowExceptionAndWarning(TdsParserStateObject stateObj, Boolean callerHasConnectionLock, Boolean asyncClose)
   在 System.Data.SqlClient.TdsParser.TryRun(RunBehavior runBehavior, SqlCommand cmdHandler, SqlDataReader dataStream, BulkCopySimpleResultSet bulkCopyHandler, TdsParserStateObject stateObj, Boolean& dataReady)
   在 System.Data.SqlClient.SqlDataReader.TryConsumeMetaData()
   在 System.Data.SqlClient.SqlDataReader.get_MetaData()
   在 System.Data.SqlClient.SqlCommand.FinishExecuteReader(SqlDataReader ds, RunBehavior runBehavior, String resetOptionsString, Boolean isInternal, Boolean forDescribeParameterEncryption, Boolean shouldCacheForAlwaysEncrypted)
   在 System.Data.SqlClient.SqlCommand.RunExecuteReaderTds(CommandBehavior cmdBehavior, RunBehavior runBehavior, Boolean returnStream, Boolean async, Int32 timeout, Task& task, Boolean asyncWrite, Boolean inRetry, SqlDataReader ds, Boolean describeParameterEncryptionRequest)
   在 System.Data.SqlClient.SqlCommand.RunExecuteReader(CommandBehavior cmdBehavior, RunBehavior runBehavior, Boolean returnStream, String method, TaskCompletionSource`1 completion, Int32 timeout, Task& task, Boolean& usedCache, Boolean asyncWrite, Boolean inRetry)
   在 System.Data.SqlClient.SqlCommand.RunExecuteReader(CommandBehavior cmdBehavior, RunBehavior runBehavior, Boolean returnStream, String method)
   在 System.Data.SqlClient.SqlCommand.ExecuteReader(CommandBehavior behavior, String method)
   在 Dapper.SqlMapper.<QueryImpl>d__61`1.MoveNext() 位置 D:\Dev\dapper-dot-net\Dapper NET40\SqlMapper.cs:行号 1589
   在 System.Collections.Generic.List`1..ctor(IEnumerable`1 collection)
   在 System.Linq.Enumerable.ToList[TSource](IEnumerable`1 source)
   在 Dapper.SqlMapper.Query[T](IDbConnection cnn, String sql, Object param, IDbTransaction transaction, Boolean buffered, Nullable`1 commandTimeout, Nullable`1 commandType) 位置 D:\Dev\dapper-dot-net\Dapper NET40\SqlMapper.cs:行号 1479
   在 UnitOfWorkWithDapper.Core.DapperContext.Query[T](String sql, Object param, CommandType commandType) 位置 e:\工作\yaotion\WebAPI\MVC4WebAPI\UnitOfWorkWithDapper.Core\DapperContext.cs:行号 197
   在 CS.Img.Card.CardRepository.GetCustPayMoneyRecord(String stationNo, String beginTime, String endTime)
   在 CS.Img.Card.CardService.GetCustPayMoneyRecord(String stationNo, String beginTime, String endTime)
   在 CS.Img.Card.CardApp.GetCustPayMoneyRecord(String stationNo, String beginTime, String endTime)
   在 CS.Img.Card.CardController.GetCustPayMoneyRecord(String stationNo, String begintime, String endtime)
   在 lambda_method(Closure , Object , Object[] )
   在 System.Web.Http.Controllers.ReflectedHttpActionDescriptor.ActionExecutor.<>c__DisplayClass6_2.<GetExecutor>b__2(Object instance, Object[] methodParameters)
   在 System.Web.Http.Controllers.ReflectedHttpActionDescriptor.ExecuteAsync(HttpControllerContext controllerContext, IDictionary`2 arguments, CancellationToken cancellationToken)
--- 引发异常的上一位置中堆栈跟踪的末尾 ---
   在 System.Runtime.ExceptionServices.ExceptionDispatchInfo.Throw()
   在 System.Runtime.CompilerServices.TaskAwaiter.HandleNonSuccessAndDebuggerNotification(Task task)
   在 System.Web.Http.Tracing.ITraceWriterExtensions.<TraceBeginEndAsyncCore>d__17`1.MoveNext()
--- 引发异常的上一位置中堆栈跟踪的末尾 ---
   在 System.Runtime.ExceptionServices.ExceptionDispatchInfo.Throw()
   在 System.Runtime.CompilerServices.TaskAwaiter.HandleNonSuccessAndDebuggerNotification(Task task)
   在 System.Web.Http.Controllers.ApiControllerActionInvoker.<InvokeActionAsyncCore>d__1.MoveNext()
--- 引发异常的上一位置中堆栈跟踪的末尾 ---
   在 System.Runtime.ExceptionServices.ExceptionDispatchInfo.Throw()
   在 System.Runtime.CompilerServices.TaskAwaiter.HandleNonSuccessAndDebuggerNotification(Task task)
   在 System.Web.Http.Tracing.ITraceWriterExtensions.<TraceBeginEndAsyncCore>d__17`1.MoveNext()
--- 引发异常的上一位置中堆栈跟踪的末尾 ---
   在 System.Runtime.ExceptionServices.ExceptionDispatchInfo.Throw()
   在 System.Runtime.CompilerServices.TaskAwaiter.HandleNonSuccessAndDebuggerNotification(Task task)
   在 System.Web.Http.Filters.ActionFilterAttribute.<CallOnActionExecutedAsync>d__6.MoveNext()
19:28:11[ERROR]{CS.Img.WebAPI.Filters.NotImplExceptionFilterAttribute}-NotImplExceptionFilterAttribute
System.Data.SqlClient.SqlException (0x80131904): 列名 'BounsMoney' 无效。
   在 System.Data.SqlClient.SqlConnection.OnError(SqlException exception, Boolean breakConnection, Action`1 wrapCloseInAction)
   在 System.Data.SqlClient.TdsParser.ThrowExceptionAndWarning(TdsParserStateObject stateObj, Boolean callerHasConnectionLock, Boolean asyncClose)
   在 System.Data.SqlClient.TdsParser.TryRun(RunBehavior runBehavior, SqlCommand cmdHandler, SqlDataReader dataStream, BulkCopySimpleResultSet bulkCopyHandler, TdsParserStateObject stateObj, Boolean& dataReady)
   在 System.Data.SqlClient.SqlDataReader.TryConsumeMetaData()
   在 System.Data.SqlClient.SqlDataReader.get_MetaData()
   在 System.Data.SqlClient.SqlCommand.FinishExecuteReader(SqlDataReader ds, RunBehavior runBehavior, String resetOptionsString, Boolean isInternal, Boolean forDescribeParameterEncryption, Boolean shouldCacheForAlwaysEncrypted)
   在 System.Data.SqlClient.SqlCommand.RunExecuteReaderTds(CommandBehavior cmdBehavior, RunBehavior runBehavior, Boolean returnStream, Boolean async, Int32 timeout, Task& task, Boolean asyncWrite, Boolean inRetry, SqlDataReader ds, Boolean describeParameterEncryptionRequest)
   在 System.Data.SqlClient.SqlCommand.RunExecuteReader(CommandBehavior cmdBehavior, RunBehavior runBehavior, Boolean returnStream, String method, TaskCompletionSource`1 completion, Int32 timeout, Task& task, Boolean& usedCache, Boolean asyncWrite, Boolean inRetry)
   在 System.Data.SqlClient.SqlCommand.RunExecuteReader(CommandBehavior cmdBehavior, RunBehavior runBehavior, Boolean returnStream, String method)
   在 System.Data.SqlClient.SqlCommand.ExecuteReader(CommandBehavior behavior, String method)
   在 Dapper.SqlMapper.<QueryImpl>d__61`1.MoveNext() 位置 D:\Dev\dapper-dot-net\Dapper NET40\SqlMapper.cs:行号 1589
   在 System.Collections.Generic.List`1..ctor(IEnumerable`1 collection)
   在 System.Linq.Enumerable.ToList[TSource](IEnumerable`1 source)
   在 Dapper.SqlMapper.Query[T](IDbConnection cnn, String sql, Object param, IDbTransaction transaction, Boolean buffered, Nullable`1 commandTimeout, Nullable`1 commandType) 位置 D:\Dev\dapper-dot-net\Dapper NET40\SqlMapper.cs:行号 1479
   在 UnitOfWorkWithDapper.Core.DapperContext.Query[T](String sql, Object param, CommandType commandType) 位置 e:\工作\yaotion\WebAPI\MVC4WebAPI\UnitOfWorkWithDapper.Core\DapperContext.cs:行号 197
   在 CS.Img.Card.CardRepository.GetCustPayMoneyRecord(String stationNo, String beginTime, String endTime)
   在 CS.Img.Card.CardService.GetCustPayMoneyRecord(String stationNo, String beginTime, String endTime)
   在 CS.Img.Card.CardApp.GetCustPayMoneyRecord(String stationNo, String beginTime, String endTime)
   在 CS.Img.Card.CardController.GetCustPayMoneyRecord(String stationNo, String begintime, String endtime)
   在 lambda_method(Closure , Object , Object[] )
   在 System.Web.Http.Controllers.ReflectedHttpActionDescriptor.ActionExecutor.<>c__DisplayClass6_2.<GetExecutor>b__2(Object instance, Object[] methodParameters)
   在 System.Web.Http.Controllers.ReflectedHttpActionDescriptor.ExecuteAsync(HttpControllerContext controllerContext, IDictionary`2 arguments, CancellationToken cancellationToken)
--- 引发异常的上一位置中堆栈跟踪的末尾 ---
   在 System.Runtime.ExceptionServices.ExceptionDispatchInfo.Throw()
   在 System.Runtime.CompilerServices.TaskAwaiter.HandleNonSuccessAndDebuggerNotification(Task task)
   在 System.Web.Http.Tracing.ITraceWriterExtensions.<TraceBeginEndAsyncCore>d__17`1.MoveNext()
--- 引发异常的上一位置中堆栈跟踪的末尾 ---
   在 System.Runtime.ExceptionServices.ExceptionDispatchInfo.Throw()
   在 System.Runtime.CompilerServices.TaskAwaiter.HandleNonSuccessAndDebuggerNotification(Task task)
   在 System.Web.Http.Controllers.ApiControllerActionInvoker.<InvokeActionAsyncCore>d__1.MoveNext()
--- 引发异常的上一位置中堆栈跟踪的末尾 ---
   在 System.Runtime.ExceptionServices.ExceptionDispatchInfo.Throw()
   在 System.Runtime.CompilerServices.TaskAwaiter.HandleNonSuccessAndDebuggerNotification(Task task)
   在 System.Web.Http.Tracing.ITraceWriterExtensions.<TraceBeginEndAsyncCore>d__17`1.MoveNext()
--- 引发异常的上一位置中堆栈跟踪的末尾 ---
   在 System.Runtime.ExceptionServices.ExceptionDispatchInfo.Throw()
   在 System.Runtime.CompilerServices.TaskAwaiter.HandleNonSuccessAndDebuggerNotification(Task task)
   在 System.Web.Http.Filters.ActionFilterAttribute.<CallOnActionExecutedAsync>d__6.MoveNext()
--- 引发异常的上一位置中堆栈跟踪的末尾 ---
   在 System.Runtime.ExceptionServices.ExceptionDispatchInfo.Throw()
   在 System.Web.Http.Filters.ActionFilterAttribute.<CallOnActionExecutedAsync>d__6.MoveNext()
--- 引发异常的上一位置中堆栈跟踪的末尾 ---
   在 System.Runtime.ExceptionServices.ExceptionDispatchInfo.Throw()
   在 System.Runtime.CompilerServices.TaskAwaiter.HandleNonSuccessAndDebuggerNotification(Task task)
   在 System.Web.Http.Filters.ActionFilterAttribute.<ExecuteActionFilterAsyncCore>d__5.MoveNext()
--- 引发异常的上一位置中堆栈跟踪的末尾 ---
   在 System.Runtime.ExceptionServices.ExceptionDispatchInfo.Throw()
   在 System.Runtime.CompilerServices.TaskAwaiter.HandleNonSuccessAndDebuggerNotification(Task task)
   在 System.Web.Http.Controllers.ActionFilterResult.<ExecuteAsync>d__5.MoveNext()
--- 引发异常的上一位置中堆栈跟踪的末尾 ---
   在 System.Runtime.ExceptionServices.ExceptionDispatchInfo.Throw()
   在 System.Runtime.CompilerServices.TaskAwaiter.HandleNonSuccessAndDebuggerNotification(Task task)
   在 System.Web.Http.Controllers.ExceptionFilterResult.<ExecuteAsync>d__6.MoveNext()
ClientConnectionId:5d48d333-3b3a-4927-84dc-f1e2196d61ae
Error Number:207,State:1,Class:16
19:28:34[INFO ]{CS.Img.WebAPI.Filters.ActionMonitorAttribute}-[Requestd].[].[card].[0].[GET]=>http://127.0.0.1:8888/api/card/custPayMoneyQuery
19:28:38[INFO ]{CS.Img.WebAPI.Filters.ActionMonitorAttribute}-[Response].[].[card].[0].[OK]
19:28:44[INFO ]{CS.Img.WebAPI.Filters.ActionMonitorAttribute}-[Requestd].[].[card].[1].[GET]=>http://127.0.0.1:8888/api/card/custPayMoneyQuery?page=1&limit=20&stationno=
19:28:44[INFO ]{CS.Img.WebAPI.Filters.ActionMonitorAttribute}-[Response].[].[card].[1].[OK]
19:32:23[INFO ]{CS.Img.WebAPI.Filters.ActionMonitorAttribute}-[Requestd].[].[user].[2].[GET]=>http://127.0.0.1:8888/api/user/info?token=admin-token
19:32:23[INFO ]{CS.Img.WebAPI.Filters.ActionMonitorAttribute}-[Response].[].[user].[2].[OK]
19:32:25[INFO ]{CS.Img.WebAPI.Filters.ActionMonitorAttribute}-[Requestd].[].[base].[3].[GET]=>http://127.0.0.1:8888/api/base/stationList?begintime=&endtime=&stationNo=
19:32:25[INFO ]{CS.Img.WebAPI.Filters.ActionMonitorAttribute}-[Response].[].[base].[3].[OK]
19:32:25[INFO ]{CS.Img.WebAPI.Filters.ActionMonitorAttribute}-[Requestd].[].[card].[4].[GET]=>http://127.0.0.1:8888/api/card/custPayMoneyQuery?begintime=&endtime=&stationNo=
19:32:25[INFO ]{CS.Img.WebAPI.Filters.ActionMonitorAttribute}-[Response].[].[card].[4].[OK]
19:34:26[INFO ]{CS.Img.WebAPI.Filters.ActionMonitorAttribute}-[Requestd].[].[card].[0].[GET]=>http://127.0.0.1:8888/api/card/custPayMoneyQuery
19:34:26[INFO ]{CS.Img.WebAPI.Filters.ActionMonitorAttribute}-[Response].[].[card].[0].[OK]
19:34:34[INFO ]{CS.Img.WebAPI.Filters.ActionMonitorAttribute}-[Requestd].[].[card].[1].[GET]=>http://127.0.0.1:8888/api/card/custPayMoneyQuery?begintime=&endtime=&stationNo=
19:34:34[INFO ]{CS.Img.WebAPI.Filters.ActionMonitorAttribute}-[Response].[].[card].[1].[OK]
19:42:14[INFO ]{CS.Img.WebAPI.Filters.ActionMonitorAttribute}-[Requestd].[].[card].[0].[GET]=>http://127.0.0.1:8888/api/card/custPayMoneyQuery?begintime=&endtime=&stationNo=
19:42:14[INFO ]{CS.Img.WebAPI.Filters.ActionMonitorAttribute}-[Response].[].[card].[0].[OK]
19:42:17[INFO ]{CS.Img.WebAPI.Filters.ActionMonitorAttribute}-[Requestd].[].[card].[1].[GET]=>http://127.0.0.1:8888/api/card/custPayMoneyQuery
19:42:17[INFO ]{CS.Img.WebAPI.Filters.ActionMonitorAttribute}-[Response].[].[card].[1].[OK]
19:42:37[INFO ]{CS.Img.WebAPI.Filters.ActionMonitorAttribute}-[Requestd].[].[base].[2].[GET]=>http://127.0.0.1:8888/api/base/stationList?page=1&limit=20&stationno=
19:42:37[INFO ]{CS.Img.WebAPI.Filters.ActionMonitorAttribute}-[Response].[].[base].[2].[OK]
19:59:15[INFO ]{CS.Img.WebAPI.Filters.ActionMonitorAttribute}-[Requestd].[].[card].[0].[GET]=>http://127.0.0.1:8888/api/card/custChangeMoneyQuery
19:59:15[INFO ]{CS.Img.WebAPI.Filters.ActionMonitorAttribute}-[Response].[].[card].[0].[OK]
19:59:21[INFO ]{CS.Img.WebAPI.Filters.ActionMonitorAttribute}-[Requestd].[].[card].[1].[GET]=>http://127.0.0.1:8888/api/card/custChangeMoneyQuery?page=1&limit=20&stationno=
19:59:21[INFO ]{CS.Img.WebAPI.Filters.ActionMonitorAttribute}-[Response].[].[card].[1].[OK]
20:03:35[INFO ]{CS.Img.WebAPI.Filters.ActionMonitorAttribute}-[Requestd].[].[user].[0].[POST]=>http://127.0.0.1:8888/api/user/login
20:03:35[INFO ]{CS.Img.WebAPI.Filters.ActionMonitorAttribute}-[Response].[].[user].[0].[OK]
20:03:35[INFO ]{CS.Img.WebAPI.Filters.ActionMonitorAttribute}-[Requestd].[].[user].[1].[GET]=>http://127.0.0.1:8888/api/user/info?token=admin-token
20:03:35[INFO ]{CS.Img.WebAPI.Filters.ActionMonitorAttribute}-[Response].[].[user].[1].[OK]
20:03:36[INFO ]{CS.Img.WebAPI.Filters.ActionMonitorAttribute}-[Requestd].[].[base].[2].[GET]=>http://127.0.0.1:8888/api/base/stationList?page=1&limit=20&stationno=
20:03:36[INFO ]{CS.Img.WebAPI.Filters.ActionMonitorAttribute}-[Requestd].[].[card].[3].[GET]=>http://127.0.0.1:8888/api/card/custChangeMoneyQuery?page=1&limit=20&stationno=
20:03:36[INFO ]{CS.Img.WebAPI.Filters.ActionMonitorAttribute}-[Response].[].[card].[3].[OK]
20:03:37[INFO ]{CS.Img.WebAPI.Filters.ActionMonitorAttribute}-[Response].[].[card].[3].[OK]
20:05:30[INFO ]{CS.Img.WebAPI.Filters.ActionMonitorAttribute}-[Requestd].[].[user].[4].[GET]=>http://127.0.0.1:8888/api/user/info?token=admin-token
20:05:30[INFO ]{CS.Img.WebAPI.Filters.ActionMonitorAttribute}-[Response].[].[user].[4].[OK]
20:05:30[INFO ]{CS.Img.WebAPI.Filters.ActionMonitorAttribute}-[Requestd].[].[base].[5].[GET]=>http://127.0.0.1:8888/api/base/stationList?begintime=&endtime=&stationNo=
20:05:31[INFO ]{CS.Img.WebAPI.Filters.ActionMonitorAttribute}-[Requestd].[].[card].[6].[GET]=>http://127.0.0.1:8888/api/card/custChangeMoneyQuery?begintime=&endtime=&stationNo=
20:05:31[INFO ]{CS.Img.WebAPI.Filters.ActionMonitorAttribute}-[Response].[].[card].[6].[OK]
20:05:31[INFO ]{CS.Img.WebAPI.Filters.ActionMonitorAttribute}-[Response].[].[card].[6].[OK]
20:06:33[INFO ]{CS.Img.WebAPI.Filters.ActionMonitorAttribute}-[Requestd].[].[base].[7].[GET]=>http://127.0.0.1:8888/api/base/stationList?page=1&limit=20&stationno=
20:06:33[INFO ]{CS.Img.WebAPI.Filters.ActionMonitorAttribute}-[Response].[].[base].[7].[OK]
20:31:58[INFO ]{CS.Img.WebAPI.Filters.ActionMonitorAttribute}-[Requestd].[].[base].[0].[GET]=>http://127.0.0.1:8888/api/base/stationList?page=1&limit=20&stationno=
20:31:58[INFO ]{CS.Img.WebAPI.Filters.ActionMonitorAttribute}-[Response].[].[base].[0].[OK]
20:31:58[INFO ]{CS.Img.WebAPI.Filters.ActionMonitorAttribute}-[Requestd].[].[base].[1].[GET]=>http://127.0.0.1:8888/api/base/stationList?page=1&limit=20&stationno=
20:31:58[INFO ]{CS.Img.WebAPI.Filters.ActionMonitorAttribute}-[Response].[].[base].[1].[OK]
20:44:51[INFO ]{CS.Img.WebAPI.Filters.ActionMonitorAttribute}-[Requestd].[].[card].[0].[GET]=>http://127.0.0.1:8888/api/card/custDepositQuery
20:44:51[INFO ]{CS.Img.WebAPI.Filters.ActionMonitorAttribute}-[Response].[].[card].[0].[OK]
20:45:04[INFO ]{CS.Img.WebAPI.Filters.ActionMonitorAttribute}-[Requestd].[].[card].[1].[GET]=>http://127.0.0.1:8888/api/card/custDepositQuery?page=1&limit=20&stationno=
20:45:04[INFO ]{CS.Img.WebAPI.Filters.ActionMonitorAttribute}-[Response].[].[card].[1].[OK]
20:45:56[INFO ]{CS.Img.WebAPI.Filters.ActionMonitorAttribute}-[Requestd].[].[card].[0].[GET]=>http://127.0.0.1:8888/api/card/custDepositQuery?page=1&limit=20&stationno=
20:45:56[INFO ]{CS.Img.WebAPI.Filters.ActionMonitorAttribute}-[Response].[].[card].[0].[OK]
20:48:00[INFO ]{CS.Img.WebAPI.Filters.ActionMonitorAttribute}-[Requestd].[].[user].[1].[GET]=>http://127.0.0.1:8888/api/user/info?token=admin-token
20:48:00[INFO ]{CS.Img.WebAPI.Filters.ActionMonitorAttribute}-[Response].[].[user].[1].[OK]
20:48:01[INFO ]{CS.Img.WebAPI.Filters.ActionMonitorAttribute}-[Requestd].[].[base].[2].[GET]=>http://127.0.0.1:8888/api/base/stationList?begintime=&endtime=&stationNo=
20:48:01[INFO ]{CS.Img.WebAPI.Filters.ActionMonitorAttribute}-[Requestd].[].[card].[3].[GET]=>http://127.0.0.1:8888/api/card/custDepositQuery?begintime=&endtime=&stationNo=
20:48:01[INFO ]{CS.Img.WebAPI.Filters.ActionMonitorAttribute}-[Response].[].[card].[3].[OK]
20:48:01[INFO ]{CS.Img.WebAPI.Filters.ActionMonitorAttribute}-[Response].[].[card].[3].[OK]
20:48:18[INFO ]{CS.Img.WebAPI.Filters.ActionMonitorAttribute}-[Requestd].[].[base].[4].[GET]=>http://127.0.0.1:8888/api/base/stationList?begintime=&endtime=&stationNo=
20:48:18[INFO ]{CS.Img.WebAPI.Filters.ActionMonitorAttribute}-[Response].[].[base].[4].[OK]
20:48:18[INFO ]{CS.Img.WebAPI.Filters.ActionMonitorAttribute}-[Requestd].[].[card].[5].[GET]=>http://127.0.0.1:8888/api/card/custChangeMoneyQuery?begintime=&endtime=&stationNo=
20:48:18[INFO ]{CS.Img.WebAPI.Filters.ActionMonitorAttribute}-[Response].[].[card].[5].[OK]
20:50:59[INFO ]{CS.Img.WebAPI.Filters.ActionMonitorAttribute}-[Requestd].[].[base].[6].[GET]=>http://127.0.0.1:8888/api/base/stationList?page=1&limit=20&stationno=
20:50:59[INFO ]{CS.Img.WebAPI.Filters.ActionMonitorAttribute}-[Requestd].[].[card].[7].[GET]=>http://127.0.0.1:8888/api/card/custDepositQuery?page=1&limit=20&stationno=
20:50:59[INFO ]{CS.Img.WebAPI.Filters.ActionMonitorAttribute}-[Response].[].[card].[7].[OK]
20:50:59[INFO ]{CS.Img.WebAPI.Filters.ActionMonitorAttribute}-[Response].[].[card].[7].[OK]
21:10:58[INFO ]{CS.Img.WebAPI.Filters.ActionMonitorAttribute}-[Requestd].[].[user].[0].[GET]=>http://127.0.0.1:8888/api/user/info?token=admin-token
21:10:58[INFO ]{CS.Img.WebAPI.Filters.ActionMonitorAttribute}-[Response].[].[user].[0].[OK]
21:11:03[INFO ]{CS.Img.WebAPI.Filters.ActionMonitorAttribute}-[Requestd].[].[user].[1].[GET]=>http://127.0.0.1:8888/api/user/info?token=admin-token
21:11:03[INFO ]{CS.Img.WebAPI.Filters.ActionMonitorAttribute}-[Response].[].[user].[1].[OK]
21:11:13[INFO ]{CS.Img.WebAPI.Filters.ActionMonitorAttribute}-[Requestd].[].[base].[2].[GET]=>http://127.0.0.1:8888/api/base/stationList?begintime=&endtime=&stationNo=
21:11:13[INFO ]{CS.Img.WebAPI.Filters.ActionMonitorAttribute}-[Requestd].[].[card].[3].[GET]=>http://127.0.0.1:8888/api/card/custUnDepositQuery?begintime=&endtime=&stationNo=
21:11:13[INFO ]{CS.Img.WebAPI.Filters.ActionMonitorAttribute}-[Response].[].[card].[3].[OK]
21:11:14[INFO ]{CS.Img.WebAPI.Filters.ActionMonitorAttribute}-[Response].[].[card].[3].[OK]
21:11:31[INFO ]{CS.Img.WebAPI.Filters.ActionMonitorAttribute}-[Requestd].[].[base].[4].[GET]=>http://127.0.0.1:8888/api/base/stationList?page=1&limit=20&stationno=
21:11:31[INFO ]{CS.Img.WebAPI.Filters.ActionMonitorAttribute}-[Requestd].[].[card].[5].[GET]=>http://127.0.0.1:8888/api/card/userDepositTrade?page=1&limit=20&stationno=
21:11:31[INFO ]{CS.Img.WebAPI.Filters.ActionMonitorAttribute}-[Response].[].[card].[5].[OK]
21:11:31[INFO ]{CS.Img.WebAPI.Filters.ActionMonitorAttribute}-[Response].[].[card].[5].[OK]
21:28:56[INFO ]{CS.Img.WebAPI.Filters.ActionMonitorAttribute}-[Requestd].[].[card].[0].[GET]=>http://127.0.0.1:8888/api/card/userUnDepositTrade
21:28:56[INFO ]{CS.Img.WebAPI.Filters.ActionMonitorAttribute}-[Response].[].[card].[0].[OK]
21:29:07[INFO ]{CS.Img.WebAPI.Filters.ActionMonitorAttribute}-[Requestd].[].[card].[1].[GET]=>http://127.0.0.1:8888/api/card/custUnDepositQuery
21:29:07[INFO ]{CS.Img.WebAPI.Filters.ActionMonitorAttribute}-[Response].[].[card].[1].[OK]
21:31:16[INFO ]{CS.Img.WebAPI.Filters.ActionMonitorAttribute}-[Requestd].[].[user].[0].[GET]=>http://127.0.0.1:8888/api/user/info?token=admin-token
21:31:16[INFO ]{CS.Img.WebAPI.Filters.ActionMonitorAttribute}-[Response].[].[user].[0].[OK]
21:31:25[INFO ]{CS.Img.WebAPI.Filters.ActionMonitorAttribute}-[Requestd].[].[base].[1].[GET]=>http://127.0.0.1:8888/api/base/stationList?begintime=&endtime=&stationNo=
21:31:25[INFO ]{CS.Img.WebAPI.Filters.ActionMonitorAttribute}-[Requestd].[].[card].[2].[GET]=>http://127.0.0.1:8888/api/card/userUnDepositTrade?begintime=&endtime=&stationNo=
21:31:25[INFO ]{CS.Img.WebAPI.Filters.ActionMonitorAttribute}-[Response].[].[card].[2].[OK]
21:31:25[INFO ]{CS.Img.WebAPI.Filters.ActionMonitorAttribute}-[Response].[].[card].[2].[OK]
21:31:29[INFO ]{CS.Img.WebAPI.Filters.ActionMonitorAttribute}-[Requestd].[].[card].[3].[GET]=>http://127.0.0.1:8888/api/card/userUnDepositTrade?begintime=&endtime=&stationNo=
21:31:29[INFO ]{CS.Img.WebAPI.Filters.ActionMonitorAttribute}-[Response].[].[card].[3].[OK]
