09:48:43[INFO ]{CS.Img.WebAPI.Filters.ActionMonitorAttribute}-[Requestd].[].[user].[0].[POST]=>http://127.0.0.1:8888/api/user/login
09:48:43[INFO ]{CS.Img.WebAPI.Filters.ActionMonitorAttribute}-[Response].[].[user].[0].[OK]
09:48:44[INFO ]{CS.Img.WebAPI.Filters.ActionMonitorAttribute}-[Requestd].[].[user].[1].[GET]=>http://127.0.0.1:8888/api/user/info?token=admin-token
09:48:44[INFO ]{CS.Img.WebAPI.Filters.ActionMonitorAttribute}-[Response].[].[user].[1].[OK]
09:48:49[INFO ]{CS.Img.WebAPI.Filters.ActionMonitorAttribute}-[Requestd].[].[base].[2].[GET]=>http://127.0.0.1:8888/api/base/stationList?begintime=&endtime=&stationNo=
09:48:49[INFO ]{CS.Img.WebAPI.Filters.ActionMonitorAttribute}-[Requestd].[].[card].[3].[GET]=>http://127.0.0.1:8888/api/card/userSaleTrade?begintime=&endtime=&stationNo=
09:48:50[INFO ]{CS.Img.WebAPI.Filters.ActionMonitorAttribute}-[Response].[].[card].[3].[OK]
09:48:50[INFO ]{CS.Img.WebAPI.Filters.ActionMonitorAttribute}-[Response].[].[card].[3].[OK]
09:48:53[INFO ]{CS.Img.WebAPI.Filters.ActionMonitorAttribute}-[Requestd].[].[base].[4].[GET]=>http://127.0.0.1:8888/api/base/stationList?begintime=&endtime=
09:48:53[INFO ]{CS.Img.WebAPI.Filters.ActionMonitorAttribute}-[Requestd].[].[card].[5].[GET]=>http://127.0.0.1:8888/api/card/userRecardTrade?begintime=&endtime=
09:48:53[INFO ]{CS.Img.WebAPI.Filters.ActionMonitorAttribute}-[Response].[].[card].[5].[OK]
09:48:53[INFO ]{CS.Img.WebAPI.Filters.ActionMonitorAttribute}-[Response].[].[card].[5].[OK]
09:48:58[INFO ]{CS.Img.WebAPI.Filters.ActionMonitorAttribute}-[Requestd].[].[base].[6].[GET]=>http://127.0.0.1:8888/api/base/stationList?page=1&limit=20&stationno=
09:48:58[INFO ]{CS.Img.WebAPI.Filters.ActionMonitorAttribute}-[Response].[].[base].[6].[OK]
10:58:32[INFO ]{CS.Img.WebAPI.Filters.ActionMonitorAttribute}-[Requestd].[].[user].[0].[POST]=>http://127.0.0.1:8888/api/user/login
10:58:32[INFO ]{CS.Img.WebAPI.Filters.ActionMonitorAttribute}-[Response].[].[user].[0].[OK]
10:58:32[INFO ]{CS.Img.WebAPI.Filters.ActionMonitorAttribute}-[Requestd].[].[user].[1].[GET]=>http://127.0.0.1:8888/api/user/info?token=admin-token
10:58:32[INFO ]{CS.Img.WebAPI.Filters.ActionMonitorAttribute}-[Response].[].[user].[1].[OK]
10:58:33[INFO ]{CS.Img.WebAPI.Filters.ActionMonitorAttribute}-[Requestd].[].[base].[2].[GET]=>http://127.0.0.1:8888/api/base/stationList?page=1&limit=20&stationno=
10:58:33[INFO ]{CS.Img.WebAPI.Filters.ActionMonitorAttribute}-[Requestd].[].[card].[3].[GET]=>http://127.0.0.1:8888/api/card/userLosscardTrade?page=1&limit=20&stationno=
10:58:33[INFO ]{CS.Img.WebAPI.Filters.ActionMonitorAttribute}-[Response].[].[card].[3].[OK]
10:58:33[INFO ]{CS.Img.WebAPI.Filters.ActionMonitorAttribute}-[Response].[].[card].[3].[Exception]
10:58:33[INFO ]{CS.Img.WebAPI.Filters.ActionMonitorAttribute}-[WebApiRequest].[Exception].[3].[http://127.0.0.1:8888/api/card/userLosscardTrade?page=1&limit=20&stationno=]
   在 System.Data.SqlClient.SqlConnection.OnError(SqlException exception, Boolean breakConnection, Action`1 wrapCloseInAction)
   在 System.Data.SqlClient.TdsParser.ThrowExceptionAndWarning(TdsParserStateObject stateObj, Boolean callerHasConnectionLock, Boolean asyncClose)
   在 System.Data.SqlClient.TdsParser.TryRun(RunBehavior runBehavior, SqlCommand cmdHandler, SqlDataReader dataStream, BulkCopySimpleResultSet bulkCopyHandler, TdsParserStateObject stateObj, Boolean& dataReady)
   在 System.Data.SqlClient.SqlDataReader.TryConsumeMetaData()
   在 System.Data.SqlClient.SqlDataReader.get_MetaData()
   在 System.Data.SqlClient.SqlCommand.FinishExecuteReader(SqlDataReader ds, RunBehavior runBehavior, String resetOptionsString, Boolean isInternal, Boolean forDescribeParameterEncryption, Boolean shouldCacheForAlwaysEncrypted)
   在 System.Data.SqlClient.SqlCommand.RunExecuteReaderTds(CommandBehavior cmdBehavior, RunBehavior runBehavior, Boolean returnStream, Boolean async, Int32 timeout, Task& task, Boolean asyncWrite, Boolean inRetry, SqlDataReader ds, Boolean describeParameterEncryptionRequest)
   在 System.Data.SqlClient.SqlCommand.RunExecuteReader(CommandBehavior cmdBehavior, RunBehavior runBehavior, Boolean returnStream, String method, TaskCompletionSource`1 completion, Int32 timeout, Task& task, Boolean& usedCache, Boolean asyncWrite, Boolean inRetry)
   在 System.Data.SqlClient.SqlCommand.RunExecuteReader(CommandBehavior cmdBehavior, RunBehavior runBehavior, Boolean returnStream, String method)
   在 System.Data.SqlClient.SqlCommand.ExecuteReader(CommandBehavior behavior, String method)
   在 Dapper.SqlMapper.<QueryImpl>d__61`1.MoveNext() 位置 D:\Dev\dapper-dot-net\Dapper NET40\SqlMapper.cs:行号 1589
   在 System.Collections.Generic.List`1..ctor(IEnumerable`1 collection)
   在 System.Linq.Enumerable.ToList[TSource](IEnumerable`1 source)
   在 Dapper.SqlMapper.Query[T](IDbConnection cnn, String sql, Object param, IDbTransaction transaction, Boolean buffered, Nullable`1 commandTimeout, Nullable`1 commandType) 位置 D:\Dev\dapper-dot-net\Dapper NET40\SqlMapper.cs:行号 1479
   在 UnitOfWorkWithDapper.Core.DapperContext.Query[T](String sql, Object param, CommandType commandType) 位置 e:\工作\yaotion\WebAPI\MVC4WebAPI\UnitOfWorkWithDapper.Core\DapperContext.cs:行号 197
   在 CS.Img.Card.CardRepository.GetUserLossCardRecord(String stationNo, String beginTime, String endTime) 位置 e:\工作\yaotion\WebAPI\MVC4WebAPI\CS.Img.Card\Data\CardRepository.cs:行号 102
   在 CS.Img.Card.CardService.GetUserLossCardRecord(String stationNo, String beginTime, String endTime) 位置 e:\工作\yaotion\WebAPI\MVC4WebAPI\CS.Img.Card\Domain\CardService.cs:行号 43
   在 CS.Img.Card.CardApp.GetUserLossCardRecord(String stationNo, String beginTime, String endTime) 位置 e:\工作\yaotion\WebAPI\MVC4WebAPI\CS.Img.Card\AppService\CardApp.cs:行号 57
   在 CS.Img.Card.CardController.GetUserLosscardRecord(String stationNo, String begintime, String endtime) 位置 e:\工作\yaotion\WebAPI\MVC4WebAPI\CS.Img.Card\Controllers\CardController.cs:行号 83
   在 lambda_method(Closure , Object , Object[] )
   在 System.Web.Http.Controllers.ReflectedHttpActionDescriptor.ActionExecutor.<>c__DisplayClass6_2.<GetExecutor>b__2(Object instance, Object[] methodParameters)
   在 System.Web.Http.Controllers.ReflectedHttpActionDescriptor.ExecuteAsync(HttpControllerContext controllerContext, IDictionary`2 arguments, CancellationToken cancellationToken)
--- 引发异常的上一位置中堆栈跟踪的末尾 ---
   在 System.Runtime.ExceptionServices.ExceptionDispatchInfo.Throw()
   在 System.Runtime.CompilerServices.TaskAwaiter.HandleNonSuccessAndDebuggerNotification(Task task)
   在 System.Web.Http.Tracing.ITraceWriterExtensions.<TraceBeginEndAsyncCore>d__17`1.MoveNext()
--- 引发异常的上一位置中堆栈跟踪的末尾 ---
   在 System.Runtime.ExceptionServices.ExceptionDispatchInfo.Throw()
   在 System.Runtime.CompilerServices.TaskAwaiter.HandleNonSuccessAndDebuggerNotification(Task task)
   在 System.Web.Http.Controllers.ApiControllerActionInvoker.<InvokeActionAsyncCore>d__1.MoveNext()
--- 引发异常的上一位置中堆栈跟踪的末尾 ---
   在 System.Runtime.ExceptionServices.ExceptionDispatchInfo.Throw()
   在 System.Runtime.CompilerServices.TaskAwaiter.HandleNonSuccessAndDebuggerNotification(Task task)
   在 System.Web.Http.Tracing.ITraceWriterExtensions.<TraceBeginEndAsyncCore>d__17`1.MoveNext()
--- 引发异常的上一位置中堆栈跟踪的末尾 ---
   在 System.Runtime.ExceptionServices.ExceptionDispatchInfo.Throw()
   在 System.Runtime.CompilerServices.TaskAwaiter.HandleNonSuccessAndDebuggerNotification(Task task)
   在 System.Web.Http.Filters.ActionFilterAttribute.<CallOnActionExecutedAsync>d__6.MoveNext()
10:58:33[ERROR]{CS.Img.WebAPI.Filters.NotImplExceptionFilterAttribute}-NotImplExceptionFilterAttribute
System.Data.SqlClient.SqlException (0x80131904): 列名 'LossTime' 无效。
列名 'LossReason' 无效。
列名 'LossTime' 无效。
   在 System.Data.SqlClient.SqlConnection.OnError(SqlException exception, Boolean breakConnection, Action`1 wrapCloseInAction)
   在 System.Data.SqlClient.TdsParser.ThrowExceptionAndWarning(TdsParserStateObject stateObj, Boolean callerHasConnectionLock, Boolean asyncClose)
   在 System.Data.SqlClient.TdsParser.TryRun(RunBehavior runBehavior, SqlCommand cmdHandler, SqlDataReader dataStream, BulkCopySimpleResultSet bulkCopyHandler, TdsParserStateObject stateObj, Boolean& dataReady)
   在 System.Data.SqlClient.SqlDataReader.TryConsumeMetaData()
   在 System.Data.SqlClient.SqlDataReader.get_MetaData()
   在 System.Data.SqlClient.SqlCommand.FinishExecuteReader(SqlDataReader ds, RunBehavior runBehavior, String resetOptionsString, Boolean isInternal, Boolean forDescribeParameterEncryption, Boolean shouldCacheForAlwaysEncrypted)
   在 System.Data.SqlClient.SqlCommand.RunExecuteReaderTds(CommandBehavior cmdBehavior, RunBehavior runBehavior, Boolean returnStream, Boolean async, Int32 timeout, Task& task, Boolean asyncWrite, Boolean inRetry, SqlDataReader ds, Boolean describeParameterEncryptionRequest)
   在 System.Data.SqlClient.SqlCommand.RunExecuteReader(CommandBehavior cmdBehavior, RunBehavior runBehavior, Boolean returnStream, String method, TaskCompletionSource`1 completion, Int32 timeout, Task& task, Boolean& usedCache, Boolean asyncWrite, Boolean inRetry)
   在 System.Data.SqlClient.SqlCommand.RunExecuteReader(CommandBehavior cmdBehavior, RunBehavior runBehavior, Boolean returnStream, String method)
   在 System.Data.SqlClient.SqlCommand.ExecuteReader(CommandBehavior behavior, String method)
   在 Dapper.SqlMapper.<QueryImpl>d__61`1.MoveNext() 位置 D:\Dev\dapper-dot-net\Dapper NET40\SqlMapper.cs:行号 1589
   在 System.Collections.Generic.List`1..ctor(IEnumerable`1 collection)
   在 System.Linq.Enumerable.ToList[TSource](IEnumerable`1 source)
   在 Dapper.SqlMapper.Query[T](IDbConnection cnn, String sql, Object param, IDbTransaction transaction, Boolean buffered, Nullable`1 commandTimeout, Nullable`1 commandType) 位置 D:\Dev\dapper-dot-net\Dapper NET40\SqlMapper.cs:行号 1479
   在 UnitOfWorkWithDapper.Core.DapperContext.Query[T](String sql, Object param, CommandType commandType) 位置 e:\工作\yaotion\WebAPI\MVC4WebAPI\UnitOfWorkWithDapper.Core\DapperContext.cs:行号 197
   在 CS.Img.Card.CardRepository.GetUserLossCardRecord(String stationNo, String beginTime, String endTime) 位置 e:\工作\yaotion\WebAPI\MVC4WebAPI\CS.Img.Card\Data\CardRepository.cs:行号 102
   在 CS.Img.Card.CardService.GetUserLossCardRecord(String stationNo, String beginTime, String endTime) 位置 e:\工作\yaotion\WebAPI\MVC4WebAPI\CS.Img.Card\Domain\CardService.cs:行号 43
   在 CS.Img.Card.CardApp.GetUserLossCardRecord(String stationNo, String beginTime, String endTime) 位置 e:\工作\yaotion\WebAPI\MVC4WebAPI\CS.Img.Card\AppService\CardApp.cs:行号 57
   在 CS.Img.Card.CardController.GetUserLosscardRecord(String stationNo, String begintime, String endtime) 位置 e:\工作\yaotion\WebAPI\MVC4WebAPI\CS.Img.Card\Controllers\CardController.cs:行号 83
   在 lambda_method(Closure , Object , Object[] )
   在 System.Web.Http.Controllers.ReflectedHttpActionDescriptor.ActionExecutor.<>c__DisplayClass6_2.<GetExecutor>b__2(Object instance, Object[] methodParameters)
   在 System.Web.Http.Controllers.ReflectedHttpActionDescriptor.ExecuteAsync(HttpControllerContext controllerContext, IDictionary`2 arguments, CancellationToken cancellationToken)
--- 引发异常的上一位置中堆栈跟踪的末尾 ---
   在 System.Runtime.ExceptionServices.ExceptionDispatchInfo.Throw()
   在 System.Runtime.CompilerServices.TaskAwaiter.HandleNonSuccessAndDebuggerNotification(Task task)
   在 System.Web.Http.Tracing.ITraceWriterExtensions.<TraceBeginEndAsyncCore>d__17`1.MoveNext()
--- 引发异常的上一位置中堆栈跟踪的末尾 ---
   在 System.Runtime.ExceptionServices.ExceptionDispatchInfo.Throw()
   在 System.Runtime.CompilerServices.TaskAwaiter.HandleNonSuccessAndDebuggerNotification(Task task)
   在 System.Web.Http.Controllers.ApiControllerActionInvoker.<InvokeActionAsyncCore>d__1.MoveNext()
--- 引发异常的上一位置中堆栈跟踪的末尾 ---
   在 System.Runtime.ExceptionServices.ExceptionDispatchInfo.Throw()
   在 System.Runtime.CompilerServices.TaskAwaiter.HandleNonSuccessAndDebuggerNotification(Task task)
   在 System.Web.Http.Tracing.ITraceWriterExtensions.<TraceBeginEndAsyncCore>d__17`1.MoveNext()
--- 引发异常的上一位置中堆栈跟踪的末尾 ---
   在 System.Runtime.ExceptionServices.ExceptionDispatchInfo.Throw()
   在 System.Runtime.CompilerServices.TaskAwaiter.HandleNonSuccessAndDebuggerNotification(Task task)
   在 System.Web.Http.Filters.ActionFilterAttribute.<CallOnActionExecutedAsync>d__6.MoveNext()
--- 引发异常的上一位置中堆栈跟踪的末尾 ---
   在 System.Runtime.ExceptionServices.ExceptionDispatchInfo.Throw()
   在 System.Web.Http.Filters.ActionFilterAttribute.<CallOnActionExecutedAsync>d__6.MoveNext()
--- 引发异常的上一位置中堆栈跟踪的末尾 ---
   在 System.Runtime.ExceptionServices.ExceptionDispatchInfo.Throw()
   在 System.Runtime.CompilerServices.TaskAwaiter.HandleNonSuccessAndDebuggerNotification(Task task)
   在 System.Web.Http.Filters.ActionFilterAttribute.<ExecuteActionFilterAsyncCore>d__5.MoveNext()
--- 引发异常的上一位置中堆栈跟踪的末尾 ---
   在 System.Runtime.ExceptionServices.ExceptionDispatchInfo.Throw()
   在 System.Runtime.CompilerServices.TaskAwaiter.HandleNonSuccessAndDebuggerNotification(Task task)
   在 System.Web.Http.Controllers.ActionFilterResult.<ExecuteAsync>d__5.MoveNext()
--- 引发异常的上一位置中堆栈跟踪的末尾 ---
   在 System.Runtime.ExceptionServices.ExceptionDispatchInfo.Throw()
   在 System.Runtime.CompilerServices.TaskAwaiter.HandleNonSuccessAndDebuggerNotification(Task task)
   在 System.Web.Http.Controllers.ExceptionFilterResult.<ExecuteAsync>d__6.MoveNext()
ClientConnectionId:0869d9e0-4156-449c-aa98-4add606e0eaa
Error Number:207,State:1,Class:16
10:59:14[INFO ]{CS.Img.WebAPI.Filters.ActionMonitorAttribute}-[Requestd].[].[card].[0].[GET]=>http://127.0.0.1:8888/api/card/userLosscardTrade?page=1&limit=20&stationno=
10:59:15[INFO ]{CS.Img.WebAPI.Filters.ActionMonitorAttribute}-[Response].[].[card].[0].[OK]
10:59:53[INFO ]{CS.Img.WebAPI.Filters.ActionMonitorAttribute}-[Requestd].[].[card].[0].[GET]=>http://127.0.0.1:8888/api/card/userLosscardTrade?page=1&limit=20&stationno=
10:59:53[INFO ]{CS.Img.WebAPI.Filters.ActionMonitorAttribute}-[Response].[].[card].[0].[OK]
11:18:52[INFO ]{CS.Img.WebAPI.Filters.ActionMonitorAttribute}-[Requestd].[].[user].[1].[GET]=>http://127.0.0.1:8888/api/user/info?token=admin-token
11:18:52[INFO ]{CS.Img.WebAPI.Filters.ActionMonitorAttribute}-[Response].[].[user].[1].[OK]
11:18:52[INFO ]{CS.Img.WebAPI.Filters.ActionMonitorAttribute}-[Requestd].[].[base].[2].[GET]=>http://127.0.0.1:8888/api/base/stationList?page=1&limit=20&begintime=&endtime=&stationno=
11:18:52[INFO ]{CS.Img.WebAPI.Filters.ActionMonitorAttribute}-[Requestd].[].[card].[3].[GET]=>http://127.0.0.1:8888/api/card/userLosscardTrade?page=1&limit=20&begintime=&endtime=&stationno=
11:18:53[INFO ]{CS.Img.WebAPI.Filters.ActionMonitorAttribute}-[Response].[].[card].[3].[OK]
11:18:53[INFO ]{CS.Img.WebAPI.Filters.ActionMonitorAttribute}-[Response].[].[card].[3].[OK]
11:20:01[INFO ]{CS.Img.WebAPI.Filters.ActionMonitorAttribute}-[Requestd].[].[user].[0].[GET]=>http://127.0.0.1:8888/api/user/info?token=admin-token
11:20:01[INFO ]{CS.Img.WebAPI.Filters.ActionMonitorAttribute}-[Response].[].[user].[0].[OK]
11:20:02[INFO ]{CS.Img.WebAPI.Filters.ActionMonitorAttribute}-[Requestd].[].[base].[1].[GET]=>http://127.0.0.1:8888/api/base/stationList?page=1&limit=20&begintime=&endtime=&stationno=
11:20:02[INFO ]{CS.Img.WebAPI.Filters.ActionMonitorAttribute}-[Requestd].[].[card].[2].[GET]=>http://127.0.0.1:8888/api/card/userLosscardTrade?page=1&limit=20&begintime=&endtime=&stationno=
11:20:02[INFO ]{CS.Img.WebAPI.Filters.ActionMonitorAttribute}-[Response].[].[card].[2].[OK]
11:20:02[INFO ]{CS.Img.WebAPI.Filters.ActionMonitorAttribute}-[Response].[].[card].[2].[OK]
11:28:25[INFO ]{CS.Img.WebAPI.Filters.ActionMonitorAttribute}-[Requestd].[].[user].[3].[GET]=>http://127.0.0.1:8888/api/user/info?token=admin-token
11:28:25[INFO ]{CS.Img.WebAPI.Filters.ActionMonitorAttribute}-[Response].[].[user].[3].[OK]
11:28:26[INFO ]{CS.Img.WebAPI.Filters.ActionMonitorAttribute}-[Requestd].[].[card].[4].[GET]=>http://127.0.0.1:8888/api/card/userLosscardTrade?page=1&limit=20&begintime=&endtime=&stationno=
11:28:26[INFO ]{CS.Img.WebAPI.Filters.ActionMonitorAttribute}-[Requestd].[].[base].[5].[GET]=>http://127.0.0.1:8888/api/base/stationList?page=1&limit=20&begintime=&endtime=&stationno=
11:28:26[INFO ]{CS.Img.WebAPI.Filters.ActionMonitorAttribute}-[Response].[].[base].[5].[OK]
11:28:26[INFO ]{CS.Img.WebAPI.Filters.ActionMonitorAttribute}-[Response].[].[base].[5].[OK]
11:28:38[INFO ]{CS.Img.WebAPI.Filters.ActionMonitorAttribute}-[Requestd].[].[card].[6].[GET]=>http://127.0.0.1:8888/api/card/userLosscardTrade?page=1&limit=20&begintime=&endtime=&stationno=&stationNo=00000001
11:28:38[INFO ]{CS.Img.WebAPI.Filters.ActionMonitorAttribute}-[Response].[].[card].[6].[OK]
11:29:04[INFO ]{CS.Img.WebAPI.Filters.ActionMonitorAttribute}-[Requestd].[].[card].[7].[GET]=>http://127.0.0.1:8888/api/card/userLosscardTrade?page=1&limit=20&begintime=2019-06-20+00:00:00&endtime=2019-06-20+23:59:00&stationno=&stationNo=00000001
11:29:04[INFO ]{CS.Img.WebAPI.Filters.ActionMonitorAttribute}-[Response].[].[card].[7].[OK]
11:30:44[INFO ]{CS.Img.WebAPI.Filters.ActionMonitorAttribute}-[Requestd].[].[user].[8].[GET]=>http://127.0.0.1:8888/api/user/info?token=admin-token
11:30:44[INFO ]{CS.Img.WebAPI.Filters.ActionMonitorAttribute}-[Response].[].[user].[8].[OK]
11:30:45[INFO ]{CS.Img.WebAPI.Filters.ActionMonitorAttribute}-[Requestd].[].[card].[9].[GET]=>http://127.0.0.1:8888/api/card/userLosscardTrade?begintime=&endtime=
11:30:45[INFO ]{CS.Img.WebAPI.Filters.ActionMonitorAttribute}-[Response].[].[card].[9].[OK]
11:30:45[INFO ]{CS.Img.WebAPI.Filters.ActionMonitorAttribute}-[Requestd].[].[base].[10].[GET]=>http://127.0.0.1:8888/api/base/stationList?begintime=&endtime=
11:30:45[INFO ]{CS.Img.WebAPI.Filters.ActionMonitorAttribute}-[Response].[].[base].[10].[OK]
11:31:06[INFO ]{CS.Img.WebAPI.Filters.ActionMonitorAttribute}-[Requestd].[].[card].[11].[GET]=>http://127.0.0.1:8888/api/card/userLosscardTrade?begintime=&endtime=&stationNo=00000001&page=1
11:31:06[INFO ]{CS.Img.WebAPI.Filters.ActionMonitorAttribute}-[Response].[].[card].[11].[OK]
11:31:10[INFO ]{CS.Img.WebAPI.Filters.ActionMonitorAttribute}-[Requestd].[].[card].[12].[GET]=>http://127.0.0.1:8888/api/card/userLosscardTrade?begintime=&endtime=&stationNo=00000002&page=1
11:31:10[INFO ]{CS.Img.WebAPI.Filters.ActionMonitorAttribute}-[Response].[].[card].[12].[OK]
15:15:06[INFO ]{CS.Img.WebAPI.Filters.ActionMonitorAttribute}-[Requestd].[].[user].[0].[POST]=>http://127.0.0.1:8888/api/user/login
15:15:06[INFO ]{CS.Img.WebAPI.Filters.ActionMonitorAttribute}-[Response].[].[user].[0].[OK]
15:15:08[INFO ]{CS.Img.WebAPI.Filters.ActionMonitorAttribute}-[Requestd].[].[user].[1].[POST]=>http://127.0.0.1:8888/api/user/login
15:15:08[INFO ]{CS.Img.WebAPI.Filters.ActionMonitorAttribute}-[Response].[].[user].[1].[OK]
15:15:08[INFO ]{CS.Img.WebAPI.Filters.ActionMonitorAttribute}-[Requestd].[].[user].[2].[GET]=>http://127.0.0.1:8888/api/user/info?token=admin-token
15:15:08[INFO ]{CS.Img.WebAPI.Filters.ActionMonitorAttribute}-[Response].[].[user].[2].[OK]
15:15:17[INFO ]{CS.Img.WebAPI.Filters.ActionMonitorAttribute}-[Requestd].[].[base].[3].[GET]=>http://127.0.0.1:8888/api/base/stationList?begintime=&endtime=
15:15:17[INFO ]{CS.Img.WebAPI.Filters.ActionMonitorAttribute}-[Requestd].[].[card].[4].[GET]=>http://127.0.0.1:8888/api/card/userLosscardTrade?begintime=&endtime=
15:15:18[INFO ]{CS.Img.WebAPI.Filters.ActionMonitorAttribute}-[Response].[].[card].[4].[OK]
15:15:18[INFO ]{CS.Img.WebAPI.Filters.ActionMonitorAttribute}-[Response].[].[card].[4].[OK]
15:26:38[INFO ]{CS.Img.WebAPI.Filters.ActionMonitorAttribute}-[Requestd].[].[card].[5].[GET]=>http://127.0.0.1:8888/api/card/userLosscardTrade?page=1&limit=20&stationno=
15:26:38[INFO ]{CS.Img.WebAPI.Filters.ActionMonitorAttribute}-[Requestd].[].[base].[6].[GET]=>http://127.0.0.1:8888/api/base/stationList?page=1&limit=20&stationno=
15:26:38[INFO ]{CS.Img.WebAPI.Filters.ActionMonitorAttribute}-[Response].[].[base].[6].[OK]
15:26:38[INFO ]{CS.Img.WebAPI.Filters.ActionMonitorAttribute}-[Response].[].[base].[6].[OK]
15:41:47[INFO ]{CS.Img.WebAPI.Filters.ActionMonitorAttribute}-[Requestd].[].[user].[0].[POST]=>http://127.0.0.1:8888/api/user/login
15:41:47[INFO ]{CS.Img.WebAPI.Filters.ActionMonitorAttribute}-[Response].[].[user].[0].[OK]
15:41:47[INFO ]{CS.Img.WebAPI.Filters.ActionMonitorAttribute}-[Requestd].[].[user].[1].[GET]=>http://127.0.0.1:8888/api/user/info?token=admin-token
15:41:47[INFO ]{CS.Img.WebAPI.Filters.ActionMonitorAttribute}-[Response].[].[user].[1].[OK]
15:41:53[INFO ]{CS.Img.WebAPI.Filters.ActionMonitorAttribute}-[Requestd].[].[user].[2].[GET]=>http://127.0.0.1:8888/api/user/info?token=admin-token
15:41:53[INFO ]{CS.Img.WebAPI.Filters.ActionMonitorAttribute}-[Response].[].[user].[2].[OK]
15:42:00[INFO ]{CS.Img.WebAPI.Filters.ActionMonitorAttribute}-[Requestd].[].[base].[3].[GET]=>http://127.0.0.1:8888/api/base/stationList?begintime=&endtime=
15:42:00[INFO ]{CS.Img.WebAPI.Filters.ActionMonitorAttribute}-[Requestd].[].[card].[4].[GET]=>http://127.0.0.1:8888/api/card/userUnLosscardTrade?begintime=&endtime=
15:42:00[INFO ]{CS.Img.WebAPI.Filters.ActionMonitorAttribute}-[Response].[].[card].[4].[OK]
15:42:00[INFO ]{CS.Img.WebAPI.Filters.ActionMonitorAttribute}-[Response].[].[card].[4].[Exception]
15:42:00[INFO ]{CS.Img.WebAPI.Filters.ActionMonitorAttribute}-[WebApiRequest].[Exception].[4].[http://127.0.0.1:8888/api/card/userUnLosscardTrade?begintime=&endtime=]
   在 System.Data.SqlClient.SqlConnection.OnError(SqlException exception, Boolean breakConnection, Action`1 wrapCloseInAction)
   在 System.Data.SqlClient.TdsParser.ThrowExceptionAndWarning(TdsParserStateObject stateObj, Boolean callerHasConnectionLock, Boolean asyncClose)
   在 System.Data.SqlClient.TdsParser.TryRun(RunBehavior runBehavior, SqlCommand cmdHandler, SqlDataReader dataStream, BulkCopySimpleResultSet bulkCopyHandler, TdsParserStateObject stateObj, Boolean& dataReady)
   在 System.Data.SqlClient.SqlDataReader.TryConsumeMetaData()
   在 System.Data.SqlClient.SqlDataReader.get_MetaData()
   在 System.Data.SqlClient.SqlCommand.FinishExecuteReader(SqlDataReader ds, RunBehavior runBehavior, String resetOptionsString, Boolean isInternal, Boolean forDescribeParameterEncryption, Boolean shouldCacheForAlwaysEncrypted)
   在 System.Data.SqlClient.SqlCommand.RunExecuteReaderTds(CommandBehavior cmdBehavior, RunBehavior runBehavior, Boolean returnStream, Boolean async, Int32 timeout, Task& task, Boolean asyncWrite, Boolean inRetry, SqlDataReader ds, Boolean describeParameterEncryptionRequest)
   在 System.Data.SqlClient.SqlCommand.RunExecuteReader(CommandBehavior cmdBehavior, RunBehavior runBehavior, Boolean returnStream, String method, TaskCompletionSource`1 completion, Int32 timeout, Task& task, Boolean& usedCache, Boolean asyncWrite, Boolean inRetry)
   在 System.Data.SqlClient.SqlCommand.RunExecuteReader(CommandBehavior cmdBehavior, RunBehavior runBehavior, Boolean returnStream, String method)
   在 System.Data.SqlClient.SqlCommand.ExecuteReader(CommandBehavior behavior, String method)
   在 Dapper.SqlMapper.<QueryImpl>d__61`1.MoveNext() 位置 D:\Dev\dapper-dot-net\Dapper NET40\SqlMapper.cs:行号 1589
   在 System.Collections.Generic.List`1..ctor(IEnumerable`1 collection)
   在 System.Linq.Enumerable.ToList[TSource](IEnumerable`1 source)
   在 Dapper.SqlMapper.Query[T](IDbConnection cnn, String sql, Object param, IDbTransaction transaction, Boolean buffered, Nullable`1 commandTimeout, Nullable`1 commandType) 位置 D:\Dev\dapper-dot-net\Dapper NET40\SqlMapper.cs:行号 1479
   在 UnitOfWorkWithDapper.Core.DapperContext.Query[T](String sql, Object param, CommandType commandType) 位置 e:\工作\yaotion\WebAPI\MVC4WebAPI\UnitOfWorkWithDapper.Core\DapperContext.cs:行号 197
   在 CS.Img.Card.CardRepository.GetUserUnLossCardRecord(String stationNo, String beginTime, String endTime) 位置 e:\工作\yaotion\WebAPI\MVC4WebAPI\CS.Img.Card\Data\CardRepository.cs:行号 130
   在 CS.Img.Card.CardService.GetUserUnLossCardRecord(String stationNo, String beginTime, String endTime) 位置 e:\工作\yaotion\WebAPI\MVC4WebAPI\CS.Img.Card\Domain\CardService.cs:行号 55
   在 CS.Img.Card.CardApp.GetUserUnLossCardRecord(String stationNo, String beginTime, String endTime) 位置 e:\工作\yaotion\WebAPI\MVC4WebAPI\CS.Img.Card\AppService\CardApp.cs:行号 68
   在 CS.Img.Card.CardController.GetUserUnLosscardRecord(String stationNo, String begintime, String endtime) 位置 e:\工作\yaotion\WebAPI\MVC4WebAPI\CS.Img.Card\Controllers\CardController.cs:行号 103
   在 lambda_method(Closure , Object , Object[] )
   在 System.Web.Http.Controllers.ReflectedHttpActionDescriptor.ActionExecutor.<>c__DisplayClass6_2.<GetExecutor>b__2(Object instance, Object[] methodParameters)
   在 System.Web.Http.Controllers.ReflectedHttpActionDescriptor.ExecuteAsync(HttpControllerContext controllerContext, IDictionary`2 arguments, CancellationToken cancellationToken)
--- 引发异常的上一位置中堆栈跟踪的末尾 ---
   在 System.Runtime.ExceptionServices.ExceptionDispatchInfo.Throw()
   在 System.Runtime.CompilerServices.TaskAwaiter.HandleNonSuccessAndDebuggerNotification(Task task)
   在 System.Web.Http.Tracing.ITraceWriterExtensions.<TraceBeginEndAsyncCore>d__17`1.MoveNext()
--- 引发异常的上一位置中堆栈跟踪的末尾 ---
   在 System.Runtime.ExceptionServices.ExceptionDispatchInfo.Throw()
   在 System.Runtime.CompilerServices.TaskAwaiter.HandleNonSuccessAndDebuggerNotification(Task task)
   在 System.Web.Http.Controllers.ApiControllerActionInvoker.<InvokeActionAsyncCore>d__1.MoveNext()
--- 引发异常的上一位置中堆栈跟踪的末尾 ---
   在 System.Runtime.ExceptionServices.ExceptionDispatchInfo.Throw()
   在 System.Runtime.CompilerServices.TaskAwaiter.HandleNonSuccessAndDebuggerNotification(Task task)
   在 System.Web.Http.Tracing.ITraceWriterExtensions.<TraceBeginEndAsyncCore>d__17`1.MoveNext()
--- 引发异常的上一位置中堆栈跟踪的末尾 ---
   在 System.Runtime.ExceptionServices.ExceptionDispatchInfo.Throw()
   在 System.Runtime.CompilerServices.TaskAwaiter.HandleNonSuccessAndDebuggerNotification(Task task)
   在 System.Web.Http.Filters.ActionFilterAttribute.<CallOnActionExecutedAsync>d__6.MoveNext()
15:42:00[ERROR]{CS.Img.WebAPI.Filters.NotImplExceptionFilterAttribute}-NotImplExceptionFilterAttribute
System.Data.SqlClient.SqlException (0x80131904): 列名 'UnLossCardLog' 无效。
   在 System.Data.SqlClient.SqlConnection.OnError(SqlException exception, Boolean breakConnection, Action`1 wrapCloseInAction)
   在 System.Data.SqlClient.TdsParser.ThrowExceptionAndWarning(TdsParserStateObject stateObj, Boolean callerHasConnectionLock, Boolean asyncClose)
   在 System.Data.SqlClient.TdsParser.TryRun(RunBehavior runBehavior, SqlCommand cmdHandler, SqlDataReader dataStream, BulkCopySimpleResultSet bulkCopyHandler, TdsParserStateObject stateObj, Boolean& dataReady)
   在 System.Data.SqlClient.SqlDataReader.TryConsumeMetaData()
   在 System.Data.SqlClient.SqlDataReader.get_MetaData()
   在 System.Data.SqlClient.SqlCommand.FinishExecuteReader(SqlDataReader ds, RunBehavior runBehavior, String resetOptionsString, Boolean isInternal, Boolean forDescribeParameterEncryption, Boolean shouldCacheForAlwaysEncrypted)
   在 System.Data.SqlClient.SqlCommand.RunExecuteReaderTds(CommandBehavior cmdBehavior, RunBehavior runBehavior, Boolean returnStream, Boolean async, Int32 timeout, Task& task, Boolean asyncWrite, Boolean inRetry, SqlDataReader ds, Boolean describeParameterEncryptionRequest)
   在 System.Data.SqlClient.SqlCommand.RunExecuteReader(CommandBehavior cmdBehavior, RunBehavior runBehavior, Boolean returnStream, String method, TaskCompletionSource`1 completion, Int32 timeout, Task& task, Boolean& usedCache, Boolean asyncWrite, Boolean inRetry)
   在 System.Data.SqlClient.SqlCommand.RunExecuteReader(CommandBehavior cmdBehavior, RunBehavior runBehavior, Boolean returnStream, String method)
   在 System.Data.SqlClient.SqlCommand.ExecuteReader(CommandBehavior behavior, String method)
   在 Dapper.SqlMapper.<QueryImpl>d__61`1.MoveNext() 位置 D:\Dev\dapper-dot-net\Dapper NET40\SqlMapper.cs:行号 1589
   在 System.Collections.Generic.List`1..ctor(IEnumerable`1 collection)
   在 System.Linq.Enumerable.ToList[TSource](IEnumerable`1 source)
   在 Dapper.SqlMapper.Query[T](IDbConnection cnn, String sql, Object param, IDbTransaction transaction, Boolean buffered, Nullable`1 commandTimeout, Nullable`1 commandType) 位置 D:\Dev\dapper-dot-net\Dapper NET40\SqlMapper.cs:行号 1479
   在 UnitOfWorkWithDapper.Core.DapperContext.Query[T](String sql, Object param, CommandType commandType) 位置 e:\工作\yaotion\WebAPI\MVC4WebAPI\UnitOfWorkWithDapper.Core\DapperContext.cs:行号 197
   在 CS.Img.Card.CardRepository.GetUserUnLossCardRecord(String stationNo, String beginTime, String endTime) 位置 e:\工作\yaotion\WebAPI\MVC4WebAPI\CS.Img.Card\Data\CardRepository.cs:行号 130
   在 CS.Img.Card.CardService.GetUserUnLossCardRecord(String stationNo, String beginTime, String endTime) 位置 e:\工作\yaotion\WebAPI\MVC4WebAPI\CS.Img.Card\Domain\CardService.cs:行号 55
   在 CS.Img.Card.CardApp.GetUserUnLossCardRecord(String stationNo, String beginTime, String endTime) 位置 e:\工作\yaotion\WebAPI\MVC4WebAPI\CS.Img.Card\AppService\CardApp.cs:行号 68
   在 CS.Img.Card.CardController.GetUserUnLosscardRecord(String stationNo, String begintime, String endtime) 位置 e:\工作\yaotion\WebAPI\MVC4WebAPI\CS.Img.Card\Controllers\CardController.cs:行号 103
   在 lambda_method(Closure , Object , Object[] )
   在 System.Web.Http.Controllers.ReflectedHttpActionDescriptor.ActionExecutor.<>c__DisplayClass6_2.<GetExecutor>b__2(Object instance, Object[] methodParameters)
   在 System.Web.Http.Controllers.ReflectedHttpActionDescriptor.ExecuteAsync(HttpControllerContext controllerContext, IDictionary`2 arguments, CancellationToken cancellationToken)
--- 引发异常的上一位置中堆栈跟踪的末尾 ---
   在 System.Runtime.ExceptionServices.ExceptionDispatchInfo.Throw()
   在 System.Runtime.CompilerServices.TaskAwaiter.HandleNonSuccessAndDebuggerNotification(Task task)
   在 System.Web.Http.Tracing.ITraceWriterExtensions.<TraceBeginEndAsyncCore>d__17`1.MoveNext()
--- 引发异常的上一位置中堆栈跟踪的末尾 ---
   在 System.Runtime.ExceptionServices.ExceptionDispatchInfo.Throw()
   在 System.Runtime.CompilerServices.TaskAwaiter.HandleNonSuccessAndDebuggerNotification(Task task)
   在 System.Web.Http.Controllers.ApiControllerActionInvoker.<InvokeActionAsyncCore>d__1.MoveNext()
--- 引发异常的上一位置中堆栈跟踪的末尾 ---
   在 System.Runtime.ExceptionServices.ExceptionDispatchInfo.Throw()
   在 System.Runtime.CompilerServices.TaskAwaiter.HandleNonSuccessAndDebuggerNotification(Task task)
   在 System.Web.Http.Tracing.ITraceWriterExtensions.<TraceBeginEndAsyncCore>d__17`1.MoveNext()
--- 引发异常的上一位置中堆栈跟踪的末尾 ---
   在 System.Runtime.ExceptionServices.ExceptionDispatchInfo.Throw()
   在 System.Runtime.CompilerServices.TaskAwaiter.HandleNonSuccessAndDebuggerNotification(Task task)
   在 System.Web.Http.Filters.ActionFilterAttribute.<CallOnActionExecutedAsync>d__6.MoveNext()
--- 引发异常的上一位置中堆栈跟踪的末尾 ---
   在 System.Runtime.ExceptionServices.ExceptionDispatchInfo.Throw()
   在 System.Web.Http.Filters.ActionFilterAttribute.<CallOnActionExecutedAsync>d__6.MoveNext()
--- 引发异常的上一位置中堆栈跟踪的末尾 ---
   在 System.Runtime.ExceptionServices.ExceptionDispatchInfo.Throw()
   在 System.Runtime.CompilerServices.TaskAwaiter.HandleNonSuccessAndDebuggerNotification(Task task)
   在 System.Web.Http.Filters.ActionFilterAttribute.<ExecuteActionFilterAsyncCore>d__5.MoveNext()
--- 引发异常的上一位置中堆栈跟踪的末尾 ---
   在 System.Runtime.ExceptionServices.ExceptionDispatchInfo.Throw()
   在 System.Runtime.CompilerServices.TaskAwaiter.HandleNonSuccessAndDebuggerNotification(Task task)
   在 System.Web.Http.Controllers.ActionFilterResult.<ExecuteAsync>d__5.MoveNext()
--- 引发异常的上一位置中堆栈跟踪的末尾 ---
   在 System.Runtime.ExceptionServices.ExceptionDispatchInfo.Throw()
   在 System.Runtime.CompilerServices.TaskAwaiter.HandleNonSuccessAndDebuggerNotification(Task task)
   在 System.Web.Http.Controllers.ExceptionFilterResult.<ExecuteAsync>d__6.MoveNext()
ClientConnectionId:99c8e2b7-c6d3-4f7f-aee7-414f1cd8edb4
Error Number:207,State:1,Class:16
15:44:03[INFO ]{CS.Img.WebAPI.Filters.ActionMonitorAttribute}-[Requestd].[].[user].[0].[POST]=>http://127.0.0.1:8888/api/user/login
15:44:03[INFO ]{CS.Img.WebAPI.Filters.ActionMonitorAttribute}-[Response].[].[user].[0].[OK]
15:44:03[INFO ]{CS.Img.WebAPI.Filters.ActionMonitorAttribute}-[Requestd].[].[user].[1].[GET]=>http://127.0.0.1:8888/api/user/info?token=admin-token
15:44:03[INFO ]{CS.Img.WebAPI.Filters.ActionMonitorAttribute}-[Response].[].[user].[1].[OK]
15:44:05[INFO ]{CS.Img.WebAPI.Filters.ActionMonitorAttribute}-[Requestd].[].[base].[2].[GET]=>http://127.0.0.1:8888/api/base/stationList?begintime=&endtime=
15:44:05[INFO ]{CS.Img.WebAPI.Filters.ActionMonitorAttribute}-[Requestd].[].[card].[3].[GET]=>http://127.0.0.1:8888/api/card/userUnLosscardTrade?begintime=&endtime=
15:44:05[INFO ]{CS.Img.WebAPI.Filters.ActionMonitorAttribute}-[Response].[].[card].[3].[OK]
15:44:05[INFO ]{CS.Img.WebAPI.Filters.ActionMonitorAttribute}-[Response].[].[card].[3].[OK]
15:45:19[INFO ]{CS.Img.WebAPI.Filters.ActionMonitorAttribute}-[Requestd].[].[base].[4].[GET]=>http://127.0.0.1:8888/api/base/stationList?begintime=&endtime=
15:45:19[INFO ]{CS.Img.WebAPI.Filters.ActionMonitorAttribute}-[Requestd].[].[card].[5].[GET]=>http://127.0.0.1:8888/api/card/userLosscardTrade?begintime=&endtime=
15:45:19[INFO ]{CS.Img.WebAPI.Filters.ActionMonitorAttribute}-[Response].[].[card].[5].[OK]
15:45:19[INFO ]{CS.Img.WebAPI.Filters.ActionMonitorAttribute}-[Response].[].[card].[5].[OK]
15:46:07[INFO ]{CS.Img.WebAPI.Filters.ActionMonitorAttribute}-[Requestd].[].[base].[6].[GET]=>http://127.0.0.1:8888/api/base/stationList?begintime=&endtime=
15:46:07[INFO ]{CS.Img.WebAPI.Filters.ActionMonitorAttribute}-[Requestd].[].[card].[7].[GET]=>http://127.0.0.1:8888/api/card/userUnLosscardTrade?begintime=&endtime=
15:46:08[INFO ]{CS.Img.WebAPI.Filters.ActionMonitorAttribute}-[Response].[].[card].[7].[OK]
15:46:08[INFO ]{CS.Img.WebAPI.Filters.ActionMonitorAttribute}-[Response].[].[card].[7].[OK]
15:46:25[INFO ]{CS.Img.WebAPI.Filters.ActionMonitorAttribute}-[Requestd].[].[card].[8].[GET]=>http://127.0.0.1:8888/api/card/userUnLosscardTrade?begintime=2019-07-01+00:00:00&endtime=
15:46:25[INFO ]{CS.Img.WebAPI.Filters.ActionMonitorAttribute}-[Response].[].[card].[8].[OK]
15:46:30[INFO ]{CS.Img.WebAPI.Filters.ActionMonitorAttribute}-[Requestd].[].[card].[9].[GET]=>http://127.0.0.1:8888/api/card/userUnLosscardTrade?endtime=&stationNo=00000001
15:46:30[INFO ]{CS.Img.WebAPI.Filters.ActionMonitorAttribute}-[Response].[].[card].[9].[OK]
