15:57:58[INFO ]{CS.Img.WebAPI.Filters.ActionMonitorAttribute}-[Requestd].[].[Coupon].[0].[GET]=>http://localhost:8888/api/Coupon/?couponid=11&cardno=12121&guid=AAAAAAA&ReqStationId=00000001
15:57:58[INFO ]{CS.Img.WebAPI.Filters.ActionMonitorAttribute}-[Requestd].[].[Coupon].[1].[GET]=>http://localhost:8888/api/Coupon/?couponid=11&cardno=12121&guid=AAAAAAA&ReqStationId=00000001
15:57:59[INFO ]{CS.Img.WebAPI.Filters.ActionMonitorAttribute}-[Response].[].[Coupon].[1].[OK]
15:57:59[INFO ]{CS.Img.WebAPI.Filters.ActionMonitorAttribute}-[Response].[].[Coupon].[0].[OK]
15:58:02[INFO ]{CS.Img.WebAPI.Filters.ActionMonitorAttribute}-[Requestd].[].[Coupon].[2].[GET]=>http://localhost:8888/api/Coupon/?cardno=12121&guid=AAAAAAA&ReqStationId=00000001
15:58:02[INFO ]{CS.Img.WebAPI.Filters.ActionMonitorAttribute}-[Requestd].[].[Coupon].[3].[GET]=>http://localhost:8888/api/Coupon/?cardno=12121&guid=AAAAAAA&ReqStationId=00000001
15:58:02[INFO ]{CS.Img.WebAPI.Filters.ActionMonitorAttribute}-[Response].[].[Coupon].[3].[OK]
15:58:02[INFO ]{CS.Img.WebAPI.Filters.ActionMonitorAttribute}-[Response].[].[Coupon].[2].[OK]
15:58:05[INFO ]{CS.Img.WebAPI.Filters.ActionMonitorAttribute}-[Requestd].[].[Coupon].[4].[PATCH]=>http://localhost:8888/api/Coupon/State/?cardno&guid&reqstationid&state
15:58:05[INFO ]{CS.Img.WebAPI.Filters.ActionMonitorAttribute}-[Requestd].[].[Coupon].[5].[PATCH]=>http://localhost:8888/api/Coupon/State/?cardno&guid&reqstationid&state
15:58:05[INFO ]{CS.Img.WebAPI.Filters.ActionMonitorAttribute}-[Response].[].[Coupon].[5].[OK]
15:58:05[INFO ]{CS.Img.WebAPI.Filters.ActionMonitorAttribute}-[Response].[].[Coupon].[4].[OK]
15:58:12[INFO ]{CS.Img.WebAPI.Filters.ActionMonitorAttribute}-[Requestd].[].[Coupon].[6].[PATCH]=>http://localhost:8888/api/Coupon/Validity/?cardno=12121&guid=AAAAAAA&ReqStationId=00000001&couponid=1&couponstartdt=&couponenddt
15:58:12[INFO ]{CS.Img.WebAPI.Filters.ActionMonitorAttribute}-[Requestd].[].[Coupon].[7].[PATCH]=>http://localhost:8888/api/Coupon/Validity/?cardno=12121&guid=AAAAAAA&ReqStationId=00000001&couponid=1&couponstartdt=&couponenddt
15:58:12[INFO ]{CS.Img.WebAPI.Filters.ActionMonitorAttribute}-[Response].[].[Coupon].[7].[OK]
15:58:12[INFO ]{CS.Img.WebAPI.Filters.ActionMonitorAttribute}-[Response].[].[Coupon].[6].[OK]
15:58:28[INFO ]{CS.Img.WebAPI.Filters.ActionMonitorAttribute}-[Requestd].[].[Coupon].[8].[PATCH]=>http://localhost:8888/api/Coupon/Validity/?cardno=12121&guid=AAAAAAA&ReqStationId=00000001&couponid=1&couponstartdt=&couponenddt
15:58:28[INFO ]{CS.Img.WebAPI.Filters.ActionMonitorAttribute}-[Requestd].[].[Coupon].[9].[PATCH]=>http://localhost:8888/api/Coupon/Validity/?cardno=12121&guid=AAAAAAA&ReqStationId=00000001&couponid=1&couponstartdt=&couponenddt
15:58:28[INFO ]{CS.Img.WebAPI.Filters.ActionMonitorAttribute}-[Response].[].[Coupon].[9].[OK]
15:58:28[INFO ]{CS.Img.WebAPI.Filters.ActionMonitorAttribute}-[Response].[].[Coupon].[8].[OK]
15:59:32[INFO ]{CS.Img.WebAPI.Filters.ActionMonitorAttribute}-[Requestd].[].[Coupon].[10].[PATCH]=>http://localhost:8888/api/Coupon/Unlock/?cardno=12121&guid=AAAAAAA&ReqStationId=00000001
15:59:32[INFO ]{CS.Img.WebAPI.Filters.ActionMonitorAttribute}-[Requestd].[].[Coupon].[11].[PATCH]=>http://localhost:8888/api/Coupon/Unlock/?cardno=12121&guid=AAAAAAA&ReqStationId=00000001
15:59:32[INFO ]{CS.Img.WebAPI.Filters.ActionMonitorAttribute}-[Response].[].[Coupon].[11].[OK]
15:59:32[INFO ]{CS.Img.WebAPI.Filters.ActionMonitorAttribute}-[Response].[].[Coupon].[10].[OK]
